#
# A fatal error has been detected by the Java Runtime Environment:
#
#  Internal Error (jvmciRuntime.cpp:1609), pid=1634, tid=1648
#  fatal error: Fatal exception in JVMCI: Error calling jdk.vm.ci.services.Services.serializeSavedProperties
#
# JRE version: OpenJDK Runtime Environment GraalVM CE 22.3.0 (17.0.5+8) (build 17.0.5+8-jvmci-22.3-b08)
# Java VM: OpenJDK 64-Bit Server VM GraalVM CE 22.3.0 (17.0.5+8-jvmci-22.3-b08, mixed mode, sharing, tiered, jvmci, jvmci compiler, compressed oops, compressed class ptrs, parallel gc, linux-amd64)
# Problematic frame:
# V  [libjvm.so+0x972714]  JVMCIRuntime::fatal_exception(JVMCIEnv*, char const*)+0x74
#
# Core dump will be written. Default location: Core dumps may be processed with "/usr/share/apport/apport -p%p -s%s -c%c -d%d -P%P -u%u -g%g -- %E" (or dumping to /home/runner/cardGames/core.1634)
#
# If you would like to submit a bug report, please visit:
#   https://github.com/oracle/graal/issues
#

---------------  S U M M A R Y ------------

Command Line: -XX:ThreadPriorityPolicy=1 -XX:+UnlockExperimentalVMOptions -XX:+EnableJVMCIProduct -XX:JVMCIThreadsPerNativeLibraryRuntime=1 -XX:-UnlockExperimentalVMOptions -Declipse.application=org.eclipse.jdt.ls.core.id1 -Dosgi.bundles.defaultStartLevel=4 -Declipse.product=org.eclipse.jdt.ls.core.product -Dlog.level=ALL -Xverify:none -XX:+UseParallelGC -XX:GCTimeRatio=4 -XX:AdaptiveSizePolicyWeight=90 -Dsun.zip.disableMemoryMapping=true -Xmx512m -Xms100m /nix/store/m6gcpi1ii6rghy04cjwjddcavv7i90df-jdt-language-server-1.9.0/share/java/plugins/org.eclipse.equinox.launcher_1.6.400.v20210924-0641.jar --add-modules=ALL-SYSTEM --add-opens java.base/java.util=ALL-UNNAMED --add-opens java.base/java.lang=ALL-UNNAMED -configuration /home/runner/.cache/jdt-language-server/config -data /home/runner/.cache/jdt-language-server/data/home/runner/cardGames

Host: AMD EPYC 7B12, 8 cores, 1G, Ubuntu 20.04.2 LTS
Time: Wed Jan 25 19:12:48 2023 UTC elapsed time: 558.750703 seconds (0d 0h 9m 18s)

---------------  T H R E A D  ---------------

Current thread (0x00007f44c40b21d0):  JavaThread "JVMCI-native CompilerThread0" daemon [_thread_in_vm, id=1648, stack(0x00007f44aa61a000,0x00007f44aa81a000)]


Current CompileTask:
JVMCI-native: 558753 10089       4       org.eclipse.jdt.internal.compiler.parser.Scanner::consumeDigits (85 bytes)

Stack: [0x00007f44aa61a000,0x00007f44aa81a000],  sp=0x00007f44aa818380,  free space=2040k
Native frames: (J=compiled Java code, j=interpreted, Vv=VM code, C=native code)
V  [libjvm.so+0x972714]  JVMCIRuntime::fatal_exception(JVMCIEnv*, char const*)+0x74
V  [libjvm.so+0x93e2fe]  JVMCIEnv::copy_saved_properties()+0x14e
V  [libjvm.so+0x9732a9]  JVMCIRuntime::initialize(JVMCIEnv*)+0xb19
V  [libjvm.so+0x9738a2]  JVMCIRuntime::get_HotSpotJVMCIRuntime(JVMCIEnv*)+0x12
V  [libjvm.so+0x9749f2]  JVMCIRuntime::compile_method(JVMCIEnv*, JVMCICompiler*, methodHandle const&, int)+0xd2
V  [libjvm.so+0x5b0d20]  CompileBroker::invoke_compiler_on_method(CompileTask*)+0x1470
V  [libjvm.so+0x5b12e8]  CompileBroker::compiler_thread_loop()+0x528
V  [libjvm.so+0xd82460]  JavaThread::thread_main_inner()+0xd0
V  [libjvm.so+0xd85a40]  Thread::call_run()+0xc0
V  [libjvm.so+0xbdb1e1]  thread_native_entry(Thread*)+0xe1

Register to memory mapping:

RAX=0x00007f44ca2d8000 points into unknown readable memory: 0x0000000000000058 | 58 00 00 00 00 00 00 00
RBX=0x00007f44cb3d3398: <offset 0x0000000000ef5398> in /nix/store/gpxl5qgg8kicmcvivwmybwjlpf7wh20l-graalvm17-ce-22.3.0/lib/server/libjvm.so at 0x00007f44ca4de000
RCX=0x00007f44cb38b1e8: <offset 0x0000000000ead1e8> in /nix/store/gpxl5qgg8kicmcvivwmybwjlpf7wh20l-graalvm17-ce-22.3.0/lib/server/libjvm.so at 0x00007f44ca4de000
RDX=0x0000000000000649 is an unknown value
RSP=0x00007f44aa818380 is pointing into the stack for thread: 0x00007f44c40b21d0
RBP=0x00007f44aa8183a0 is pointing into the stack for thread: 0x00007f44c40b21d0
RSI=0x00007f44cb3d3c48: <offset 0x0000000000ef5c48> in /nix/store/gpxl5qgg8kicmcvivwmybwjlpf7wh20l-graalvm17-ce-22.3.0/lib/server/libjvm.so at 0x00007f44ca4de000
RDI=0x00000000e0000000 is an oop: [B 
{0x00000000e0000000} - klass: {type array byte}
 - length: 44
R8 =0x00007f44cb3d3398: <offset 0x0000000000ef5398> in /nix/store/gpxl5qgg8kicmcvivwmybwjlpf7wh20l-graalvm17-ce-22.3.0/lib/server/libjvm.so at 0x00007f44ca4de000
R9 =0x00007f44aa818330 is pointing into the stack for thread: 0x00007f44c40b21d0
R10=0x00007f44aa819948 is pointing into the stack for thread: 0x00007f44c40b21d0
R11=0x0000000000000293 is an unknown value
R12=0x0 is NULL
R13=0x00007f44c40b21d0 is a thread
R14=0x00007f44c4000b80 points into unknown readable memory: 0x00007f44cb604a38 | 38 4a 60 cb 44 7f 00 00
R15=0x00007f44cb712e40: <offset 0x0000000001234e40> in /nix/store/gpxl5qgg8kicmcvivwmybwjlpf7wh20l-graalvm17-ce-22.3.0/lib/server/libjvm.so at 0x00007f44ca4de000


Registers:
RAX=0x00007f44ca2d8000, RBX=0x00007f44cb3d3398, RCX=0x00007f44cb38b1e8, RDX=0x0000000000000649
RSP=0x00007f44aa818380, RBP=0x00007f44aa8183a0, RSI=0x00007f44cb3d3c48, RDI=0x00000000e0000000
R8 =0x00007f44cb3d3398, R9 =0x00007f44aa818330, R10=0x00007f44aa819948, R11=0x0000000000000293
R12=0x0000000000000000, R13=0x00007f44c40b21d0, R14=0x00007f44c4000b80, R15=0x00007f44cb712e40
RIP=0x00007f44cae50714, EFLAGS=0x0000000000010206, CSGSFS=0x002b000000000033, ERR=0x0000000000000006
  TRAPNO=0x000000000000000e

Top of Stack: (sp=0x00007f44aa818380)
0x00007f44aa818380:   00007f44aa818940 00007f44c40b21d0
0x00007f44aa818390:   00007f44c8c698c8 0000000800c417a0
0x00007f44aa8183a0:   00007f44aa818500 00007f44cae1c2fe
0x00007f44aa8183b0:   00007f44aa8183e0 00007f44aa818440 

Instructions: (pc=0x00007f44cae50714)
0x00007f44cae50614:   30 e8 f6 cf e8 ff 4c 89 e7 e8 2e 48 d1 ff 84 db
0x00007f44cae50624:   75 2a 4d 85 ed 74 04 4d 8b 6d 00 48 83 c4 08 44
0x00007f44cae50634:   89 f9 4c 89 f2 4c 89 ee 5b 4c 89 e7 41 5c 41 5d
0x00007f44cae50644:   41 5e 41 5f 5d e9 e2 47 d1 ff 66 90 48 83 c4 08
0x00007f44cae50654:   5b 41 5c 41 5d 41 5e 41 5f 5d c3 90 31 d2 be 08
0x00007f44cae50664:   00 00 00 4c 89 ff e8 b1 78 a3 ff 49 89 c5 e9 37
0x00007f44cae50674:   ff ff ff 66 0f 1f 84 00 00 00 00 00 48 8b 7a 08
0x00007f44cae50684:   e9 6d ff ff ff 0f 1f 80 00 00 00 00 e8 5b 48 0a
0x00007f44cae50694:   00 84 c0 75 89 e9 6a ff ff ff 66 90 55 48 89 e5
0x00007f44cae506a4:   41 56 41 55 41 54 49 89 fc 53 48 89 f3 66 48 8d
0x00007f44cae506b4:   3d 27 5e 85 00 66 66 48 e8 df 43 8d ff 4c 8b 28
0x00007f44cae506c4:   8b 05 be 72 8a 00 85 c0 75 14 ba 01 00 00 00 48
0x00007f44cae506d4:   8d 0d ae 72 8a 00 f0 0f b1 11 85 c0 74 4e be c8
0x00007f44cae506e4:   00 00 00 4c 89 ef e8 01 0b 41 00 48 8d 05 12 ac
0x00007f44cae506f4:   85 00 49 89 d8 48 8d 0d e8 aa 53 00 ba 49 06 00
0x00007f44cae50704:   00 48 8d 35 3c 35 58 00 bf 00 00 00 e0 48 8b 00
0x00007f44cae50714:   c6 00 58 31 c0 e8 e2 91 c6 ff 5b 41 5c 41 5d 41
0x00007f44cae50724:   5e 5d e9 55 34 26 00 0f 1f 44 00 00 48 8d 05 81
0x00007f44cae50734:   a3 8b 00 48 89 df 4c 8b 30 e8 9e 43 8d ff 48 89
0x00007f44cae50744:   de 48 89 c2 49 8b 06 4c 89 f7 ff 50 08 4c 89 f7
0x00007f44cae50754:   e8 a7 5c 27 00 4d 85 e4 74 12 be 01 00 00 00 4c
0x00007f44cae50764:   89 e7 e8 35 43 fc ff eb 82 0f 1f 00 be 01 00 00
0x00007f44cae50774:   00 4c 89 ef e8 d3 fd ff ff e9 6d ff ff ff 66 66
0x00007f44cae50784:   2e 0f 1f 84 00 00 00 00 00 0f 1f 00 55 48 89 e5
0x00007f44cae50794:   41 57 41 56 41 55 41 54 53 48 81 ec 08 02 00 00
0x00007f44cae507a4:   64 48 8b 04 25 28 00 00 00 48 89 45 c8 8b 07 83
0x00007f44cae507b4:   f8 02 0f 84 11 04 00 00 4c 8b 6f 18 49 89 ff 49
0x00007f44cae507c4:   89 f4 4d 85 ed 74 14 4c 89 ef e8 5d 57 22 00 41
0x00007f44cae507d4:   8b 07 83 f8 02 0f 84 19 04 00 00 48 8d 1d 9a 06
0x00007f44cae507e4:   8a 00 4c 8d 35 0b 3c 58 00 eb 38 90 48 85 d2 7f
0x00007f44cae507f4:   0d 48 8d 05 b4 c0 85 00 48 83 38 00 7e 0e 41 8b
0x00007f44cae50804:   77 2c 4c 89 f7 31 c0 e8 a0 b2 f7 ff 49 8b 7f 18 


Stack slot to memory mapping:
stack at sp + 0 slots: 0x00007f44aa818940 is pointing into the stack for thread: 0x00007f44c40b21d0
stack at sp + 1 slots: 0x00007f44c40b21d0 is a thread
stack at sp + 2 slots: 0x00007f44c8c698c8 points into unknown readable memory: 0x6573001880c9ffff | ff ff c9 80 18 00 73 65
stack at sp + 3 slots: 0x0000000800c417a0 is a pointer to class: 
jdk.vm.ci.services.Services {0x0000000800c417a0}
 - instance size:     2
 - klass size:        65
 - access:            public final synchronized 
 - state:             fully_initialized
 - name:              'jdk/vm/ci/services/Services'
 - super:             'java/lang/Object'
 - sub:               
 - arrays:            NULL
 - methods:           Array<T>(0x00007f44aac41de0)
 - method ordering:   Array<T>(0x0000000800928960)
 - default_methods:   Array<T>(0x0000000000000000)
 - local interfaces:  Array<T>(0x00000008005ce810)
 - trans. interfaces: Array<T>(0x00000008005ce810)
 - constants:         constant pool [427] {0x00007f44aac40ec0} for 'jdk/vm/ci/services/Services' cache=0x00007f44aac430b0
 - class loader data:  loader data: 0x00007f44c40283f0 of 'bootstrap'
 - source file:       'Services.java'
 - class annotations:       Array<T>(0x0000000000000000)
 - class type annotations:  Array<T>(0x0000000000000000)
 - field annotations:       Array<T>(0x0000000000000000)
 - field type annotations:  Array<T>(0x0000000000000000)
 - inner classes:     Array<T>(0x00007f44aac43080)
 - nest members:     Array<T>(0x00007f44aac430a0)
 - permitted subclasses:     Array<T>(0x00000008005ce7a0)
 - java mirror:       a 'java/lang/Class'{0x00000000e02b41e0} = 'jdk/vm/ci/services/Services'
 - vtable length      5  (start addr: 0x0000000800c41970)
 - itable length      2 (start addr: 0x0000000800c41998)
 - ---- static fields (3 words):
 - public static final 'IS_BUILDING_NATIVE_IMAGE' 'Z' @128 
 - public static final 'IS_IN_NATIVE_IMAGE' 'Z' @129 
 - private static volatile 'savedProperties' 'Ljava/util/Map;' @112 
 - static final 'JVMCI_ENABLED' 'Z' @130 
 - private static final 'servicesCache' 'Ljava/util/Map;' @116 
 - private static final 'MAX_UNICODE_IN_UTF8_LENGTH' 'I' @120 
 - private static final 'MAX_UTF8_PROPERTY_STRING_LENGTH' 'I' @124 
 - ---- non-static fields (0 words):
 - non-static oop maps: 
stack at sp + 4 slots: 0x00007f44aa818500 is pointing into the stack for thread: 0x00007f44c40b21d0
stack at sp + 5 slots: 0x00007f44cae1c2fe: <offset 0x000000000093e2fe> in /nix/store/gpxl5qgg8kicmcvivwmybwjlpf7wh20l-graalvm17-ce-22.3.0/lib/server/libjvm.so at 0x00007f44ca4de000
stack at sp + 6 slots: 0x00007f44aa8183e0 is pointing into the stack for thread: 0x00007f44c40b21d0
stack at sp + 7 slots: 0x00007f44aa818440 is pointing into the stack for thread: 0x00007f44c40b21d0


---------------  P R O C E S S  ---------------

Threads class SMR info:
_java_thread_list=0x00007f44301d6f50, length=32, elements={
0x00007f44c4026690, 0x00007f44c40a64d0, 0x00007f44c40a7910, 0x00007f44c40ae040,
0x00007f44c40af3f0, 0x00007f44c40b07e0, 0x00007f44c40b21d0, 0x00007f44c40b36e0,
0x00007f44c40b4b30, 0x00007f44c40efbd0, 0x00007f44c4138a60, 0x00007f44c42f4d10,
0x00007f44c433ce40, 0x00007f44c433fe60, 0x00007f445802bd90, 0x00007f44584241c0,
0x00007f44584c0070, 0x00007f44480010d0, 0x00007f4458667160, 0x00007f44587b0b30,
0x00007f44c436ae90, 0x00007f44c44003f0, 0x00007f4434000ff0, 0x00007f4430175900,
0x00007f44302217d0, 0x00007f4430222640, 0x00007f44301779b0, 0x00007f44301791c0,
0x00007f443017d260, 0x00007f4430278da0, 0x00007f444c002fb0, 0x00007f44301d1390
}

Java Threads: ( => current thread )
  0x00007f44c4026690 JavaThread "main" [_thread_blocked, id=1640, stack(0x00007f44ca2f9000,0x00007f44ca3f9000)]
  0x00007f44c40a64d0 JavaThread "Reference Handler" daemon [_thread_blocked, id=1643, stack(0x00007f44c8310000,0x00007f44c8410000)]
  0x00007f44c40a7910 JavaThread "Finalizer" daemon [_thread_blocked, id=1644, stack(0x00007f44c8210000,0x00007f44c8310000)]
  0x00007f44c40ae040 JavaThread "Signal Dispatcher" daemon [_thread_blocked, id=1645, stack(0x00007f44c8110000,0x00007f44c8210000)]
  0x00007f44c40af3f0 JavaThread "Service Thread" daemon [_thread_blocked, id=1646, stack(0x00007f44c8010000,0x00007f44c8110000)]
  0x00007f44c40b07e0 JavaThread "Monitor Deflation Thread" daemon [_thread_blocked, id=1647, stack(0x00007f44aa81a000,0x00007f44aa91a000)]
=>0x00007f44c40b21d0 JavaThread "JVMCI-native CompilerThread0" daemon [_thread_in_vm, id=1648, stack(0x00007f44aa61a000,0x00007f44aa81a000)]
  0x00007f44c40b36e0 JavaThread "C1 CompilerThread0" daemon [_thread_blocked, id=1649, stack(0x00007f44aa41a000,0x00007f44aa61a000)]
  0x00007f44c40b4b30 JavaThread "Sweeper thread" daemon [_thread_blocked, id=1650, stack(0x00007f44aa31a000,0x00007f44aa41a000)]
  0x00007f44c40efbd0 JavaThread "Common-Cleaner" daemon [_thread_blocked, id=1651, stack(0x00007f44aa21a000,0x00007f44aa31a000)]
  0x00007f44c4138a60 JavaThread "Notification Thread" daemon [_thread_blocked, id=1653, stack(0x00007f44aa11a000,0x00007f44aa21a000)]
  0x00007f44c42f4d10 JavaThread "Active Thread: Equinox Container: f347e0b3-0f22-4eda-b1fd-0cd0699b9144" [_thread_blocked, id=1665, stack(0x00007f44a8d00000,0x00007f44a8e00000)]
  0x00007f44c433ce40 JavaThread "Framework Event Dispatcher: Equinox Container: f347e0b3-0f22-4eda-b1fd-0cd0699b9144" daemon [_thread_blocked, id=1666, stack(0x00007f44a8b00000,0x00007f44a8c00000)]
  0x00007f44c433fe60 JavaThread "Start Level: Equinox Container: f347e0b3-0f22-4eda-b1fd-0cd0699b9144" daemon [_thread_blocked, id=1667, stack(0x00007f44a8900000,0x00007f44a8a00000)]
  0x00007f445802bd90 JavaThread "SCR Component Actor" daemon [_thread_blocked, id=1669, stack(0x00007f44a8700000,0x00007f44a8800000)]
  0x00007f44584241c0 JavaThread "Worker-JM" [_thread_blocked, id=1678, stack(0x00007f44a8300000,0x00007f44a8400000)]
  0x00007f44584c0070 JavaThread "Worker-0: Java indexing... " [_thread_blocked, id=1688, stack(0x00007f44a8100000,0x00007f44a8200000)]
  0x00007f44480010d0 JavaThread "Worker-1: Periodic workspace save." [_thread_blocked, id=1689, stack(0x00007f4471b00000,0x00007f4471c00000)]
  0x00007f4458667160 JavaThread "Java indexing" daemon [_thread_blocked, id=1691, stack(0x00007f4471700000,0x00007f4471800000)]
  0x00007f44587b0b30 JavaThread "Bundle File Closer" daemon [_thread_blocked, id=1692, stack(0x00007f4471500000,0x00007f4471600000)]
  0x00007f44c436ae90 JavaThread "pool-3-thread-1" [_thread_blocked, id=1701, stack(0x00007f4471300000,0x00007f4471400000)]
  0x00007f44c44003f0 JavaThread "pool-2-thread-1" [_thread_in_native, id=1702, stack(0x00007f44a8400000,0x00007f44a8500000)]
  0x00007f4434000ff0 JavaThread "Worker-4: Compacting resource model" [_thread_blocked, id=1710, stack(0x00007f4470f00000,0x00007f4471000000)]
  0x00007f4430175900 JavaThread "Thread-2" [_thread_blocked, id=1770, stack(0x00007f4471600000,0x00007f4471700000)]
  0x00007f44302217d0 JavaThread "Thread-3" [_thread_blocked, id=1771, stack(0x00007f4470e00000,0x00007f4470f00000)]
  0x00007f4430222640 JavaThread "Thread-4" [_thread_blocked, id=1772, stack(0x00007f4470b00000,0x00007f4470c00000)]
  0x00007f44301779b0 JavaThread "Thread-6" [_thread_blocked, id=1774, stack(0x00007f4470700000,0x00007f4470800000)]
  0x00007f44301791c0 JavaThread "Thread-7" [_thread_blocked, id=1820, stack(0x00007f4470900000,0x00007f4470a00000)]
  0x00007f443017d260 JavaThread "Thread-9" [_thread_blocked, id=1865, stack(0x00007f4470a00000,0x00007f4470b00000)]
  0x00007f4430278da0 JavaThread "Thread-10" [_thread_blocked, id=2380, stack(0x00007f4471100000,0x00007f4471200000)]
  0x00007f444c002fb0 JavaThread "Worker-6" [_thread_blocked, id=2609, stack(0x00007f4470500000,0x00007f4470600000)]
  0x00007f44301d1390 JavaThread "Thread-11" [_thread_blocked, id=2610, stack(0x00007f4471900000,0x00007f4471a00000)]

Other Threads:
  0x00007f44c40a1c10 VMThread "VM Thread" [stack: 0x00007f44c8412000,0x00007f44c8512000] [id=1642] _threads_hazard_ptr=0x00007f44301d6f50
  0x00007f44c413a400 WatcherThread [stack: 0x00007f44aa01a000,0x00007f44aa11a000] [id=1654]
  0x00007f44c403df30 GCTaskThread "GC Thread#0" [stack: 0x00007f44c9ebc000,0x00007f44c9fbc000] [id=1641]

Threads with active compile tasks:
JVMCI-native CompilerThread0   558852 10089       4       org.eclipse.jdt.internal.compiler.parser.Scanner::consumeDigits (85 bytes)

VM state: synchronizing (normal execution)

VM Mutex/Monitor currently owned by a thread:  ([mutex/lock_event])
[0x00007f44c4023840] Threads_lock - owner thread: 0x00007f44c40a1c10
[0x00007f44c4023ff0] Heap_lock - owner thread: 0x00007f44301d1390

OutOfMemory and StackOverflow Exception counts:
OutOfMemoryError java_heap_errors=7
LinkageErrors=46

Heap address: 0x00000000e0000000, size: 512 MB, Compressed Oops mode: 32-bit

CDS archive(s) mapped at: [0x0000000800000000-0x0000000800bc8000-0x0000000800bc8000), size 12353536, SharedBaseAddress: 0x0000000800000000, ArchiveRelocationMode: 0.
Compressed class space mapped at: 0x0000000800c00000-0x0000000840c00000, reserved size: 1073741824
Narrow klass base: 0x0000000800000000, Narrow klass shift: 0, Narrow klass range: 0x100000000

GC Precious Log:
 CPUs: 8 total, 1 available
 Memory: 1024M
 Large Page Support: Disabled
 NUMA Support: Disabled
 Compressed Oops: Enabled (32-bit)
 Alignments: Space 512K, Generation 512K, Heap 2M
 Heap Min Capacity: 100M
 Heap Initial Capacity: 100M
 Heap Max Capacity: 512M
 Pre-touch: Disabled
 Parallel Workers: 1

Heap:
 PSYoungGen      total 40448K, used 29696K [0x00000000f5580000, 0x00000000f8a00000, 0x0000000100000000)
  eden space 29696K, 100% used [0x00000000f5580000,0x00000000f7280000,0x00000000f7280000)
  from space 10752K, 0% used [0x00000000f7280000,0x00000000f7280000,0x00000000f7d00000)
  to   space 10752K, 0% used [0x00000000f7f00000,0x00000000f7f00000,0x00000000f8980000)
 ParOldGen       total 349696K, used 349695K [0x00000000e0000000, 0x00000000f5580000, 0x00000000f5580000)
  object space 349696K, 99% used [0x00000000e0000000,0x00000000f557fff8,0x00000000f5580000)
 Metaspace       used 50818K, committed 51712K, reserved 1097728K
  class space    used 4620K, committed 4992K, reserved 1048576K

Card table byte_map: [0x00007f44c9fbc000,0x00007f44ca0bd000] _byte_map_base: 0x00007f44c98bc000

Marking Bits: (ParMarkBitMap*) 0x00007f44cb70c4c0
 Begin Bits: [0x00007f44c8e0f000, 0x00007f44c960f000)
 End Bits:   [0x00007f44c960f000, 0x00007f44c9e0f000)

Polling page: 0x00007f44ca2d6000

Metaspace:

Usage:
  Non-class:     45.11 MB used.
      Class:      4.51 MB used.
       Both:     49.63 MB used.

Virtual space:
  Non-class space:       48.00 MB reserved,      45.62 MB ( 95%) committed,  6 nodes.
      Class space:        1.00 GB reserved,       4.88 MB ( <1%) committed,  1 nodes.
             Both:        1.05 GB reserved,      50.50 MB (  5%) committed. 

Chunk freelists:
   Non-Class:  1.60 MB
       Class:  3.20 MB
        Both:  4.80 MB

MaxMetaspaceSize: unlimited
CompressedClassSpaceSize: 1.00 GB
Initial GC threshold: 21.00 MB
Current GC threshold: 84.19 MB
CDS: on
MetaspaceReclaimPolicy: balanced
 - commit_granule_bytes: 65536.
 - commit_granule_words: 8192.
 - virtual_space_node_default_size: 1048576.
 - enlarge_chunks_in_place: 1.
 - new_chunks_are_fully_committed: 0.
 - uncommit_free_chunks: 1.
 - use_allocation_guard: 0.
 - handle_deallocations: 1.


Internal statistics:

num_allocs_failed_limit: 6.
num_arena_births: 344.
num_arena_deaths: 58.
num_vsnodes_births: 7.
num_vsnodes_deaths: 0.
num_space_committed: 807.
num_space_uncommitted: 0.
num_chunks_returned_to_freelist: 77.
num_chunks_taken_from_freelist: 2381.
num_chunk_merges: 31.
num_chunk_splits: 1585.
num_chunks_enlarged: 1021.
num_purges: 6.
num_inconsistent_stats: 0.

CodeHeap 'non-profiled nmethods': size=120036Kb used=2604Kb max_used=2604Kb free=117431Kb
 bounds [0x00007f44b2f7a000, 0x00007f44b320a000, 0x00007f44ba4b3000]
CodeHeap 'profiled nmethods': size=120032Kb used=18096Kb max_used=20236Kb free=101935Kb
 bounds [0x00007f44aba42000, 0x00007f44ace12000, 0x00007f44b2f7a000]
CodeHeap 'non-nmethods': size=5692Kb used=1331Kb max_used=1349Kb free=4360Kb
 bounds [0x00007f44ab4b3000, 0x00007f44ab723000, 0x00007f44aba42000]
 total_blobs=7550 nmethods=6898 adapters=557
 compilation: enabled
              stopped_count=0, restarted_count=0
 full_count=0

JVMCI Events (20 events):
Event: 264.363 Thread 0x00007f44c40b21d0 destroyed JavaVM[4]@0x00007f446ff9e340 for JVMCI runtime 0
Event: 264.363 Thread 0x00007f44c40b21d0 compacted oop handles in JVMCI runtime 0 from 52 to 52
Event: 264.363 Thread 0x00007f44c40b21d0 releasing handles for JVMCI runtime 0: oop handles=52, metadata handles={total=95, live=84, blocks=49}
Event: 264.363 Thread 0x00007f44c40b21d0 detached from JVMCI runtime 0
Event: 271.178 Thread 0x00007f44c40b21d0 attached to JVMCI runtime 0
Event: 271.179 Thread 0x00007f44c40b21d0 created JavaVM[5]@0x00007f446ff9e340 for JVMCI runtime 0
Event: 272.553 Thread 0x00007f44c40b21d0 initializing JVMCI runtime 0
Event: 272.553 Thread 0x00007f44c40b21d0 done waiting for JavaVM references initialization in JVMCI runtime 0
Event: 279.669 Thread 0x00007f44c40b21d0 initialized JVMCI runtime 0
Event: 289.656 Thread 0x00007f44c40b21d0 detaching from JVMCI runtime 0: releasing idle compiler thread (0 other threads still attached)
Event: 289.656 Thread 0x00007f44c40b21d0 shutting down HotSpotJVMCIRuntime for JVMCI runtime 0
Event: 289.656 Thread 0x00007f44c40b21d0 shut down JVMCI runtime 0
Event: 291.115 Thread 0x00007f44c40b21d0 destroyed JavaVM[5]@0x00007f446ff9e340 for JVMCI runtime 0
Event: 291.115 Thread 0x00007f44c40b21d0 compacted oop handles in JVMCI runtime 0 from 44 to 44
Event: 291.115 Thread 0x00007f44c40b21d0 releasing handles for JVMCI runtime 0: oop handles=44, metadata handles={total=90, live=79, blocks=49}
Event: 291.115 Thread 0x00007f44c40b21d0 detached from JVMCI runtime 0
Event: 522.839 Thread 0x00007f44c40b21d0 attached to JVMCI runtime 0
Event: 522.841 Thread 0x00007f44c40b21d0 created JavaVM[6]@0x00007f446ff9e340 for JVMCI runtime 0
Event: 524.240 Thread 0x00007f44c40b21d0 initializing JVMCI runtime 0
Event: 524.240 Thread 0x00007f44c40b21d0 done waiting for JavaVM references initialization in JVMCI runtime 0

Compilation events (20 events):
Event: 264.363 Thread 0x00007f44c40b36e0 nmethod 10080 0x00007f44abbeaf90 code [0x00007f44abbeb160, 0x00007f44abbeb3f0]
Event: 264.364 Thread 0x00007f44c40b36e0 10081   !   3       org.eclipse.core.internal.watson.ElementTree::getChildIDs (73 bytes)
Event: 264.364 Thread 0x00007f44c40b36e0 nmethod 10081 0x00007f44aba71790 code [0x00007f44aba719e0, 0x00007f44aba72890]
Event: 271.178 Thread 0x00007f44c40b21d0 10082       4       org.eclipse.core.runtime.Path::computeHashCode (56 bytes)
Event: 288.189 Thread 0x00007f44c40b21d0 nmethod 10082 0x00007f44b3204a90 code [0x00007f44b3204c20, 0x00007f44b3205050]
Event: 299.495 Thread 0x00007f44c40b36e0 10083       3       java.lang.System$2::encodeASCII (11 bytes)
Event: 299.496 Thread 0x00007f44c40b36e0 nmethod 10083 0x00007f44ac0b6d10 code [0x00007f44ac0b6ec0, 0x00007f44ac0b7000]
Event: 386.153 Thread 0x00007f44c40b36e0 10084       3       org.eclipse.jdt.internal.compiler.util.HashtableOfObjectToInt::<init> (48 bytes)
Event: 386.154 Thread 0x00007f44c40b36e0 nmethod 10084 0x00007f44abee1a10 code [0x00007f44abee1be0, 0x00007f44abee1f10]
Event: 444.160 Thread 0x00007f44c40b36e0 10086       3       java.text.MessageFormat::subformat (542 bytes)
Event: 444.164 Thread 0x00007f44c40b36e0 nmethod 10086 0x00007f44ac31c810 code [0x00007f44ac31ce60, 0x00007f44ac322cc0]
Event: 444.164 Thread 0x00007f44c40b36e0 10085       3       java.text.MessageFormat::format (12 bytes)
Event: 444.164 Thread 0x00007f44c40b36e0 nmethod 10085 0x00007f44abfc1290 code [0x00007f44abfc1440, 0x00007f44abfc17e0]
Event: 467.982 Thread 0x00007f44c40b36e0 10087       3       jdk.internal.misc.InnocuousThread::eraseThreadLocals (23 bytes)
Event: 467.982 Thread 0x00007f44c40b36e0 nmethod 10087 0x00007f44ac1d7290 code [0x00007f44ac1d7420, 0x00007f44ac1d7570]
Event: 479.132 Thread 0x00007f44c40b36e0 10088       3       java.util.concurrent.ThreadPoolExecutor::runStateAtLeast (11 bytes)
Event: 479.132 Thread 0x00007f44c40b36e0 nmethod 10088 0x00007f44ac290710 code [0x00007f44ac2908a0, 0x00007f44ac2909f0]
Event: 522.839 Thread 0x00007f44c40b21d0 10089       4       org.eclipse.jdt.internal.compiler.parser.Scanner::consumeDigits (85 bytes)
Event: 530.930 Thread 0x00007f44c40b36e0 10090       3       org.eclipse.core.internal.preferences.StringPool::add (59 bytes)
Event: 530.930 Thread 0x00007f44c40b36e0 nmethod 10090 0x00007f44abc42890 code [0x00007f44abc42a80, 0x00007f44abc43450]

GC Heap History (20 events):
Event: 544.044 GC heap before
{Heap before GC invocations=457 (full 340):
 PSYoungGen      total 40448K, used 29695K [0x00000000f5580000, 0x00000000f8a00000, 0x0000000100000000)
  eden space 29696K, 99% used [0x00000000f5580000,0x00000000f727ffe8,0x00000000f7280000)
  from space 10752K, 0% used [0x00000000f7280000,0x00000000f7280000,0x00000000f7d00000)
  to   space 10752K, 0% used [0x00000000f7f00000,0x00000000f7f00000,0x00000000f8980000)
 ParOldGen       total 349696K, used 349696K [0x00000000e0000000, 0x00000000f5580000, 0x00000000f5580000)
  object space 349696K, 100% used [0x00000000e0000000,0x00000000f5580000,0x00000000f5580000)
 Metaspace       used 50818K, committed 51712K, reserved 1097728K
  class space    used 4620K, committed 4992K, reserved 1048576K
}
Event: 545.421 GC heap after
{Heap after GC invocations=457 (full 340):
 PSYoungGen      total 40448K, used 29695K [0x00000000f5580000, 0x00000000f8a00000, 0x0000000100000000)
  eden space 29696K, 99% used [0x00000000f5580000,0x00000000f727ffe8,0x00000000f7280000)
  from space 10752K, 0% used [0x00000000f7f00000,0x00000000f7f00000,0x00000000f8980000)
  to   space 10752K, 0% used [0x00000000f7280000,0x00000000f7280000,0x00000000f7d00000)
 ParOldGen       total 349696K, used 349694K [0x00000000e0000000, 0x00000000f5580000, 0x00000000f5580000)
  object space 349696K, 99% used [0x00000000e0000000,0x00000000f557fa60,0x00000000f5580000)
 Metaspace       used 50818K, committed 51712K, reserved 1097728K
  class space    used 4620K, committed 4992K, reserved 1048576K
}
Event: 545.422 GC heap before
{Heap before GC invocations=458 (full 341):
 PSYoungGen      total 40448K, used 29696K [0x00000000f5580000, 0x00000000f8a00000, 0x0000000100000000)
  eden space 29696K, 100% used [0x00000000f5580000,0x00000000f7280000,0x00000000f7280000)
  from space 10752K, 0% used [0x00000000f7f00000,0x00000000f7f00000,0x00000000f8980000)
  to   space 10752K, 0% used [0x00000000f7280000,0x00000000f7280000,0x00000000f7d00000)
 ParOldGen       total 349696K, used 349695K [0x00000000e0000000, 0x00000000f5580000, 0x00000000f5580000)
  object space 349696K, 99% used [0x00000000e0000000,0x00000000f557fff0,0x00000000f5580000)
 Metaspace       used 50818K, committed 51712K, reserved 1097728K
  class space    used 4620K, committed 4992K, reserved 1048576K
}
Event: 546.757 GC heap after
{Heap after GC invocations=458 (full 341):
 PSYoungGen      total 40448K, used 29696K [0x00000000f5580000, 0x00000000f8a00000, 0x0000000100000000)
  eden space 29696K, 100% used [0x00000000f5580000,0x00000000f7280000,0x00000000f7280000)
  from space 10752K, 0% used [0x00000000f7280000,0x00000000f7280000,0x00000000f7d00000)
  to   space 10752K, 0% used [0x00000000f7f00000,0x00000000f7f00000,0x00000000f8980000)
 ParOldGen       total 349696K, used 349695K [0x00000000e0000000, 0x00000000f5580000, 0x00000000f5580000)
  object space 349696K, 99% used [0x00000000e0000000,0x00000000f557fff0,0x00000000f5580000)
 Metaspace       used 50818K, committed 51712K, reserved 1097728K
  class space    used 4620K, committed 4992K, reserved 1048576K
}
Event: 546.757 GC heap before
{Heap before GC invocations=459 (full 342):
 PSYoungGen      total 40448K, used 29696K [0x00000000f5580000, 0x00000000f8a00000, 0x0000000100000000)
  eden space 29696K, 100% used [0x00000000f5580000,0x00000000f7280000,0x00000000f7280000)
  from space 10752K, 0% used [0x00000000f7280000,0x00000000f7280000,0x00000000f7d00000)
  to   space 10752K, 0% used [0x00000000f7f00000,0x00000000f7f00000,0x00000000f8980000)
 ParOldGen       total 349696K, used 349695K [0x00000000e0000000, 0x00000000f5580000, 0x00000000f5580000)
  object space 349696K, 99% used [0x00000000e0000000,0x00000000f557fff0,0x00000000f5580000)
 Metaspace       used 50818K, committed 51712K, reserved 1097728K
  class space    used 4620K, committed 4992K, reserved 1048576K
}
Event: 548.285 GC heap after
{Heap after GC invocations=459 (full 342):
 PSYoungGen      total 40448K, used 29696K [0x00000000f5580000, 0x00000000f8a00000, 0x0000000100000000)
  eden space 29696K, 100% used [0x00000000f5580000,0x00000000f7280000,0x00000000f7280000)
  from space 10752K, 0% used [0x00000000f7f00000,0x00000000f7f00000,0x00000000f8980000)
  to   space 10752K, 0% used [0x00000000f7280000,0x00000000f7280000,0x00000000f7d00000)
 ParOldGen       total 349696K, used 349695K [0x00000000e0000000, 0x00000000f5580000, 0x00000000f5580000)
  object space 349696K, 99% used [0x00000000e0000000,0x00000000f557fff0,0x00000000f5580000)
 Metaspace       used 50818K, committed 51712K, reserved 1097728K
  class space    used 4620K, committed 4992K, reserved 1048576K
}
Event: 548.288 GC heap before
{Heap before GC invocations=460 (full 343):
 PSYoungGen      total 40448K, used 29696K [0x00000000f5580000, 0x00000000f8a00000, 0x0000000100000000)
  eden space 29696K, 100% used [0x00000000f5580000,0x00000000f7280000,0x00000000f7280000)
  from space 10752K, 0% used [0x00000000f7f00000,0x00000000f7f00000,0x00000000f8980000)
  to   space 10752K, 0% used [0x00000000f7280000,0x00000000f7280000,0x00000000f7d00000)
 ParOldGen       total 349696K, used 349695K [0x00000000e0000000, 0x00000000f5580000, 0x00000000f5580000)
  object space 349696K, 99% used [0x00000000e0000000,0x00000000f557fff0,0x00000000f5580000)
 Metaspace       used 50818K, committed 51712K, reserved 1097728K
  class space    used 4620K, committed 4992K, reserved 1048576K
}
Event: 549.737 GC heap after
{Heap after GC invocations=460 (full 343):
 PSYoungGen      total 40448K, used 29696K [0x00000000f5580000, 0x00000000f8a00000, 0x0000000100000000)
  eden space 29696K, 100% used [0x00000000f5580000,0x00000000f7280000,0x00000000f7280000)
  from space 10752K, 0% used [0x00000000f7280000,0x00000000f7280000,0x00000000f7d00000)
  to   space 10752K, 0% used [0x00000000f7f00000,0x00000000f7f00000,0x00000000f8980000)
 ParOldGen       total 349696K, used 349695K [0x00000000e0000000, 0x00000000f5580000, 0x00000000f5580000)
  object space 349696K, 99% used [0x00000000e0000000,0x00000000f557fff0,0x00000000f5580000)
 Metaspace       used 50818K, committed 51712K, reserved 1097728K
  class space    used 4620K, committed 4992K, reserved 1048576K
}
Event: 549.737 GC heap before
{Heap before GC invocations=461 (full 344):
 PSYoungGen      total 40448K, used 29696K [0x00000000f5580000, 0x00000000f8a00000, 0x0000000100000000)
  eden space 29696K, 100% used [0x00000000f5580000,0x00000000f7280000,0x00000000f7280000)
  from space 10752K, 0% used [0x00000000f7280000,0x00000000f7280000,0x00000000f7d00000)
  to   space 10752K, 0% used [0x00000000f7f00000,0x00000000f7f00000,0x00000000f8980000)
 ParOldGen       total 349696K, used 349695K [0x00000000e0000000, 0x00000000f5580000, 0x00000000f5580000)
  object space 349696K, 99% used [0x00000000e0000000,0x00000000f557fff0,0x00000000f5580000)
 Metaspace       used 50818K, committed 51712K, reserved 1097728K
  class space    used 4620K, committed 4992K, reserved 1048576K
}
Event: 551.250 GC heap after
{Heap after GC invocations=461 (full 344):
 PSYoungGen      total 40448K, used 29696K [0x00000000f5580000, 0x00000000f8a00000, 0x0000000100000000)
  eden space 29696K, 100% used [0x00000000f5580000,0x00000000f7280000,0x00000000f7280000)
  from space 10752K, 0% used [0x00000000f7f00000,0x00000000f7f00000,0x00000000f8980000)
  to   space 10752K, 0% used [0x00000000f7280000,0x00000000f7280000,0x00000000f7d00000)
 ParOldGen       total 349696K, used 349695K [0x00000000e0000000, 0x00000000f5580000, 0x00000000f5580000)
  object space 349696K, 99% used [0x00000000e0000000,0x00000000f557fff0,0x00000000f5580000)
 Metaspace       used 50818K, committed 51712K, reserved 1097728K
  class space    used 4620K, committed 4992K, reserved 1048576K
}
Event: 551.252 GC heap before
{Heap before GC invocations=462 (full 345):
 PSYoungGen      total 40448K, used 29696K [0x00000000f5580000, 0x00000000f8a00000, 0x0000000100000000)
  eden space 29696K, 100% used [0x00000000f5580000,0x00000000f7280000,0x00000000f7280000)
  from space 10752K, 0% used [0x00000000f7f00000,0x00000000f7f00000,0x00000000f8980000)
  to   space 10752K, 0% used [0x00000000f7280000,0x00000000f7280000,0x00000000f7d00000)
 ParOldGen       total 349696K, used 349695K [0x00000000e0000000, 0x00000000f5580000, 0x00000000f5580000)
  object space 349696K, 99% used [0x00000000e0000000,0x00000000f557fff0,0x00000000f5580000)
 Metaspace       used 50818K, committed 51712K, reserved 1097728K
  class space    used 4620K, committed 4992K, reserved 1048576K
}
Event: 552.647 GC heap after
{Heap after GC invocations=462 (full 345):
 PSYoungGen      total 40448K, used 29696K [0x00000000f5580000, 0x00000000f8a00000, 0x0000000100000000)
  eden space 29696K, 100% used [0x00000000f5580000,0x00000000f7280000,0x00000000f7280000)
  from space 10752K, 0% used [0x00000000f7280000,0x00000000f7280000,0x00000000f7d00000)
  to   space 10752K, 0% used [0x00000000f7f00000,0x00000000f7f00000,0x00000000f8980000)
 ParOldGen       total 349696K, used 349695K [0x00000000e0000000, 0x00000000f5580000, 0x00000000f5580000)
  object space 349696K, 99% used [0x00000000e0000000,0x00000000f557ffd8,0x00000000f5580000)
 Metaspace       used 50818K, committed 51712K, reserved 1097728K
  class space    used 4620K, committed 4992K, reserved 1048576K
}
Event: 552.648 GC heap before
{Heap before GC invocations=463 (full 346):
 PSYoungGen      total 40448K, used 29696K [0x00000000f5580000, 0x00000000f8a00000, 0x0000000100000000)
  eden space 29696K, 100% used [0x00000000f5580000,0x00000000f7280000,0x00000000f7280000)
  from space 10752K, 0% used [0x00000000f7280000,0x00000000f7280000,0x00000000f7d00000)
  to   space 10752K, 0% used [0x00000000f7f00000,0x00000000f7f00000,0x00000000f8980000)
 ParOldGen       total 349696K, used 349695K [0x00000000e0000000, 0x00000000f5580000, 0x00000000f5580000)
  object space 349696K, 99% used [0x00000000e0000000,0x00000000f557fff8,0x00000000f5580000)
 Metaspace       used 50818K, committed 51712K, reserved 1097728K
  class space    used 4620K, committed 4992K, reserved 1048576K
}
Event: 554.129 GC heap after
{Heap after GC invocations=463 (full 346):
 PSYoungGen      total 40448K, used 29696K [0x00000000f5580000, 0x00000000f8a00000, 0x0000000100000000)
  eden space 29696K, 100% used [0x00000000f5580000,0x00000000f7280000,0x00000000f7280000)
  from space 10752K, 0% used [0x00000000f7f00000,0x00000000f7f00000,0x00000000f8980000)
  to   space 10752K, 0% used [0x00000000f7280000,0x00000000f7280000,0x00000000f7d00000)
 ParOldGen       total 349696K, used 349695K [0x00000000e0000000, 0x00000000f5580000, 0x00000000f5580000)
  object space 349696K, 99% used [0x00000000e0000000,0x00000000f557fff8,0x00000000f5580000)
 Metaspace       used 50818K, committed 51712K, reserved 1097728K
  class space    used 4620K, committed 4992K, reserved 1048576K
}
Event: 554.129 GC heap before
{Heap before GC invocations=464 (full 347):
 PSYoungGen      total 40448K, used 29696K [0x00000000f5580000, 0x00000000f8a00000, 0x0000000100000000)
  eden space 29696K, 100% used [0x00000000f5580000,0x00000000f7280000,0x00000000f7280000)
  from space 10752K, 0% used [0x00000000f7f00000,0x00000000f7f00000,0x00000000f8980000)
  to   space 10752K, 0% used [0x00000000f7280000,0x00000000f7280000,0x00000000f7d00000)
 ParOldGen       total 349696K, used 349695K [0x00000000e0000000, 0x00000000f5580000, 0x00000000f5580000)
  object space 349696K, 99% used [0x00000000e0000000,0x00000000f557fff8,0x00000000f5580000)
 Metaspace       used 50818K, committed 51712K, reserved 1097728K
  class space    used 4620K, committed 4992K, reserved 1048576K
}
Event: 555.755 GC heap after
{Heap after GC invocations=464 (full 347):
 PSYoungGen      total 40448K, used 29696K [0x00000000f5580000, 0x00000000f8a00000, 0x0000000100000000)
  eden space 29696K, 100% used [0x00000000f5580000,0x00000000f7280000,0x00000000f7280000)
  from space 10752K, 0% used [0x00000000f7280000,0x00000000f7280000,0x00000000f7d00000)
  to   space 10752K, 0% used [0x00000000f7f00000,0x00000000f7f00000,0x00000000f8980000)
 ParOldGen       total 349696K, used 349695K [0x00000000e0000000, 0x00000000f5580000, 0x00000000f5580000)
  object space 349696K, 99% used [0x00000000e0000000,0x00000000f557fff8,0x00000000f5580000)
 Metaspace       used 50818K, committed 51712K, reserved 1097728K
  class space    used 4620K, committed 4992K, reserved 1048576K
}
Event: 555.758 GC heap before
{Heap before GC invocations=465 (full 348):
 PSYoungGen      total 40448K, used 29696K [0x00000000f5580000, 0x00000000f8a00000, 0x0000000100000000)
  eden space 29696K, 100% used [0x00000000f5580000,0x00000000f7280000,0x00000000f7280000)
  from space 10752K, 0% used [0x00000000f7280000,0x00000000f7280000,0x00000000f7d00000)
  to   space 10752K, 0% used [0x00000000f7f00000,0x00000000f7f00000,0x00000000f8980000)
 ParOldGen       total 349696K, used 349695K [0x00000000e0000000, 0x00000000f5580000, 0x00000000f5580000)
  object space 349696K, 99% used [0x00000000e0000000,0x00000000f557fff8,0x00000000f5580000)
 Metaspace       used 50818K, committed 51712K, reserved 1097728K
  class space    used 4620K, committed 4992K, reserved 1048576K
}
Event: 557.152 GC heap after
{Heap after GC invocations=465 (full 348):
 PSYoungGen      total 40448K, used 29696K [0x00000000f5580000, 0x00000000f8a00000, 0x0000000100000000)
  eden space 29696K, 100% used [0x00000000f5580000,0x00000000f7280000,0x00000000f7280000)
  from space 10752K, 0% used [0x00000000f7f00000,0x00000000f7f00000,0x00000000f8980000)
  to   space 10752K, 0% used [0x00000000f7280000,0x00000000f7280000,0x00000000f7d00000)
 ParOldGen       total 349696K, used 349695K [0x00000000e0000000, 0x00000000f5580000, 0x00000000f5580000)
  object space 349696K, 99% used [0x00000000e0000000,0x00000000f557fff8,0x00000000f5580000)
 Metaspace       used 50818K, committed 51712K, reserved 1097728K
  class space    used 4620K, committed 4992K, reserved 1048576K
}
Event: 557.153 GC heap before
{Heap before GC invocations=466 (full 349):
 PSYoungGen      total 40448K, used 29696K [0x00000000f5580000, 0x00000000f8a00000, 0x0000000100000000)
  eden space 29696K, 100% used [0x00000000f5580000,0x00000000f7280000,0x00000000f7280000)
  from space 10752K, 0% used [0x00000000f7f00000,0x00000000f7f00000,0x00000000f8980000)
  to   space 10752K, 0% used [0x00000000f7280000,0x00000000f7280000,0x00000000f7d00000)
 ParOldGen       total 349696K, used 349695K [0x00000000e0000000, 0x00000000f5580000, 0x00000000f5580000)
  object space 349696K, 99% used [0x00000000e0000000,0x00000000f557fff8,0x00000000f5580000)
 Metaspace       used 50818K, committed 51712K, reserved 1097728K
  class space    used 4620K, committed 4992K, reserved 1048576K
}
Event: 558.689 GC heap after
{Heap after GC invocations=466 (full 349):
 PSYoungGen      total 40448K, used 29696K [0x00000000f5580000, 0x00000000f8a00000, 0x0000000100000000)
  eden space 29696K, 100% used [0x00000000f5580000,0x00000000f7280000,0x00000000f7280000)
  from space 10752K, 0% used [0x00000000f7280000,0x00000000f7280000,0x00000000f7d00000)
  to   space 10752K, 0% used [0x00000000f7f00000,0x00000000f7f00000,0x00000000f8980000)
 ParOldGen       total 349696K, used 349695K [0x00000000e0000000, 0x00000000f5580000, 0x00000000f5580000)
  object space 349696K, 99% used [0x00000000e0000000,0x00000000f557fff8,0x00000000f5580000)
 Metaspace       used 50818K, committed 51712K, reserved 1097728K
  class space    used 4620K, committed 4992K, reserved 1048576K
}

Dll operation events (8 events):
Event: 0.002 Loaded shared library /nix/store/gpxl5qgg8kicmcvivwmybwjlpf7wh20l-graalvm17-ce-22.3.0/lib/libjava.so
Event: 0.008 Loaded shared library /nix/store/gpxl5qgg8kicmcvivwmybwjlpf7wh20l-graalvm17-ce-22.3.0/lib/libjsvml.so
Event: 0.155 Loaded shared library /nix/store/gpxl5qgg8kicmcvivwmybwjlpf7wh20l-graalvm17-ce-22.3.0/lib/libnio.so
Event: 0.158 Loaded shared library /nix/store/gpxl5qgg8kicmcvivwmybwjlpf7wh20l-graalvm17-ce-22.3.0/lib/libzip.so
Event: 0.160 Loaded shared library /nix/store/gpxl5qgg8kicmcvivwmybwjlpf7wh20l-graalvm17-ce-22.3.0/lib/libjvmcicompiler.so
Event: 0.528 Loaded shared library /nix/store/gpxl5qgg8kicmcvivwmybwjlpf7wh20l-graalvm17-ce-22.3.0/lib/libjimage.so
Event: 2.160 Loaded shared library /nix/store/gpxl5qgg8kicmcvivwmybwjlpf7wh20l-graalvm17-ce-22.3.0/lib/libnet.so
Event: 3.420 Loaded shared library /home/runner/.cache/jdt-language-server/config/org.eclipse.equinox.launcher/org.eclipse.equinox.launcher.gtk.linux.x86_64_1.2.400.v20211117-0650/eclipse_11600.so

Deoptimization events (20 events):
Event: 169.675 Thread 0x00007f44c44003f0 DEOPT PACKING pc=0x00007f44b31197ab sp=0x00007f44a84fdec0
Event: 169.675 Thread 0x00007f44c44003f0 DEOPT UNPACKING pc=0x00007f44ab505325 sp=0x00007f44a84fd358 mode 3
Event: 535.182 Thread 0x00007f44480010d0 Uncommon trap: trap_request=0xffffff8f fr.pc=0x00007f44b2faeba6 relative=0x0000000000000966
Event: 535.182 Thread 0x00007f44480010d0 Uncommon trap: reason=constraint action=none pc=0x00007f44b2faeba6 method=java.util.HashMap.putVal(ILjava/lang/Object;Ljava/lang/Object;ZZ)Ljava/lang/Object; @ 29 jvmci
Event: 535.182 Thread 0x00007f44480010d0 DEOPT PACKING pc=0x00007f44b2faeba6 sp=0x00007f4471bfdfe0
Event: 535.182 Thread 0x00007f44480010d0 DEOPT UNPACKING pc=0x00007f44ab505325 sp=0x00007f4471bfd480 mode 3
Event: 544.044 Thread 0x00007f4458667160 Uncommon trap: trap_request=0xffffff8f fr.pc=0x00007f44b3201814 relative=0x0000000000000274
Event: 544.044 Thread 0x00007f4458667160 Uncommon trap: reason=constraint action=none pc=0x00007f44b3201814 method=org.eclipse.jdt.internal.core.index.DiskIndex$IntList.add(I)V @ 0 jvmci
Event: 545.421 Thread 0x00007f4458667160 DEOPT PACKING pc=0x00007f44b3201814 sp=0x00007f44717fe530
Event: 545.421 Thread 0x00007f4458667160 DEOPT UNPACKING pc=0x00007f44ab505325 sp=0x00007f44717fd9d0 mode 3
Event: 548.286 Thread 0x00007f4430278da0 Uncommon trap: trap_request=0xffffff8f fr.pc=0x00007f44b3164972 relative=0x0000000000000712
Event: 548.286 Thread 0x00007f4430278da0 Uncommon trap: reason=constraint action=none pc=0x00007f44b3164972 method=java.util.Arrays.copyOfRange([BII)[B @ 61 jvmci
Event: 551.251 Thread 0x00007f4430278da0 DEOPT PACKING pc=0x00007f44b3164972 sp=0x00007f44711fdca0
Event: 551.251 Thread 0x00007f4430278da0 DEOPT UNPACKING pc=0x00007f44ab505325 sp=0x00007f44711fcf68 mode 1
Event: 551.252 Thread 0x00007f4430278da0 DEOPT PACKING pc=0x00007f44b3026474 sp=0x00007f44711fdd30
Event: 551.252 Thread 0x00007f4430278da0 DEOPT UNPACKING pc=0x00007f44ab505325 sp=0x00007f44711fd170 mode 1
Event: 555.755 Thread 0x00007f44480010d0 Uncommon trap: trap_request=0xffffff8f fr.pc=0x00007f44b2faebc2 relative=0x0000000000000982
Event: 555.755 Thread 0x00007f44480010d0 Uncommon trap: reason=constraint action=none pc=0x00007f44b2faebc2 method=java.util.HashMap.putVal(ILjava/lang/Object;Ljava/lang/Object;ZZ)Ljava/lang/Object; @ 145 jvmci
Event: 555.755 Thread 0x00007f44480010d0 DEOPT PACKING pc=0x00007f44b2faebc2 sp=0x00007f4471bfdfe0
Event: 555.755 Thread 0x00007f44480010d0 DEOPT UNPACKING pc=0x00007f44ab505325 sp=0x00007f4471bfd480 mode 3

Classes unloaded (20 events):
Event: 149.939 Thread 0x00007f44c40a1c10 Unloading class 0x0000000800d9d000 'java/lang/invoke/LambdaForm$MH+0x0000000800d9d000'
Event: 149.939 Thread 0x00007f44c40a1c10 Unloading class 0x0000000800d9cc00 'java/lang/invoke/LambdaForm$MH+0x0000000800d9cc00'
Event: 149.939 Thread 0x00007f44c40a1c10 Unloading class 0x0000000800d9c800 'java/lang/invoke/LambdaForm$MH+0x0000000800d9c800'
Event: 149.939 Thread 0x00007f44c40a1c10 Unloading class 0x0000000800d9c400 'java/lang/invoke/LambdaForm$MH+0x0000000800d9c400'
Event: 149.939 Thread 0x00007f44c40a1c10 Unloading class 0x0000000800d9c000 'jdk/internal/reflect/GeneratedConstructorAccessor3'
Event: 149.939 Thread 0x00007f44c40a1c10 Unloading class 0x0000000800d8d400 'java/lang/invoke/LambdaForm$MH+0x0000000800d8d400'
Event: 149.939 Thread 0x00007f44c40a1c10 Unloading class 0x0000000800d8d000 'java/lang/invoke/LambdaForm$MH+0x0000000800d8d000'
Event: 149.939 Thread 0x00007f44c40a1c10 Unloading class 0x0000000800d8cc00 'java/lang/invoke/LambdaForm$MH+0x0000000800d8cc00'
Event: 149.939 Thread 0x00007f44c40a1c10 Unloading class 0x0000000800d8c800 'java/lang/invoke/LambdaForm$MH+0x0000000800d8c800'
Event: 149.939 Thread 0x00007f44c40a1c10 Unloading class 0x0000000800d8c400 'java/lang/invoke/LambdaForm$MH+0x0000000800d8c400'
Event: 149.939 Thread 0x00007f44c40a1c10 Unloading class 0x0000000800d8c000 'java/lang/invoke/LambdaForm$MH+0x0000000800d8c000'
Event: 149.939 Thread 0x00007f44c40a1c10 Unloading class 0x0000000800cb2800 'java/lang/invoke/LambdaForm$MH+0x0000000800cb2800'
Event: 149.939 Thread 0x00007f44c40a1c10 Unloading class 0x0000000800cb2000 'java/lang/invoke/LambdaForm$MH+0x0000000800cb2000'
Event: 149.939 Thread 0x00007f44c40a1c10 Unloading class 0x0000000800cb1c00 'java/lang/invoke/LambdaForm$MH+0x0000000800cb1c00'
Event: 149.939 Thread 0x00007f44c40a1c10 Unloading class 0x0000000800cb1800 'java/lang/invoke/LambdaForm$MH+0x0000000800cb1800'
Event: 149.939 Thread 0x00007f44c40a1c10 Unloading class 0x0000000800cb1000 'java/lang/invoke/LambdaForm$MH+0x0000000800cb1000'
Event: 149.939 Thread 0x00007f44c40a1c10 Unloading class 0x0000000800cb0c00 'java/lang/invoke/LambdaForm$MH+0x0000000800cb0c00'
Event: 149.939 Thread 0x00007f44c40a1c10 Unloading class 0x0000000800cb0800 'java/lang/invoke/LambdaForm$MH+0x0000000800cb0800'
Event: 149.939 Thread 0x00007f44c40a1c10 Unloading class 0x0000000800cb0000 'java/lang/invoke/LambdaForm$MH+0x0000000800cb0000'
Event: 163.320 Thread 0x00007f44c40a1c10 Unloading class 0x0000000801028c00 'jdk/internal/reflect/GeneratedConstructorAccessor23'

Classes redefined (0 events):
No events

Internal exceptions (20 events):
Event: 40.921 Thread 0x00007f444c002fb0 Exception <a 'sun/nio/fs/UnixException'{0x00000000f67f2168}> (0x00000000f67f2168) 
thrown [src/hotspot/share/prims/jni.cpp, line 516]
Event: 41.056 Thread 0x00007f444c002fb0 Exception <a 'sun/nio/fs/UnixException'{0x00000000f582cce0}> (0x00000000f582cce0) 
thrown [src/hotspot/share/prims/jni.cpp, line 516]
Event: 43.463 Thread 0x00007f4434000ff0 Exception <a 'java/lang/NoSuchMethodError'{0x00000000f5b9cce0}: 'java.lang.Object java.lang.invoke.DirectMethodHandle$Holder.newInvokeSpecial(java.lang.Object, java.lang.Object, java.lang.Object, int, java.lang.Object)'> (0x00000000f5b9cce0) 
thrown [src/hotspot/share/interpreter/linkResolver.cpp, line 758]
Event: 43.464 Thread 0x00007f4434000ff0 Exception <a 'java/lang/NoSuchMethodError'{0x00000000f5ba19e0}: 'java.lang.Object java.lang.invoke.DirectMethodHandle$Holder.invokeSpecial(java.lang.Object, java.lang.Object, java.lang.Object, java.lang.Object, int, java.lang.Object)'> (0x00000000f5ba19e0) 
thrown [src/hotspot/share/interpreter/linkResolver.cpp, line 758]
Event: 43.464 Thread 0x00007f4434000ff0 Exception <a 'java/lang/NoSuchMethodError'{0x00000000f5ba6018}: 'java.lang.Object java.lang.invoke.Invokers$Holder.linkToTargetMethod(java.lang.Object, java.lang.Object, int, java.lang.Object, java.lang.Object)'> (0x00000000f5ba6018) 
thrown [src/hotspot/share/interpreter/linkResolver.cpp, line 758]
Event: 43.560 Thread 0x00007f4434000ff0 Exception <a 'java/lang/NoSuchMethodError'{0x00000000f5f26e78}: 'java.lang.Object java.lang.invoke.DirectMethodHandle$Holder.invokeStatic(java.lang.Object, java.lang.Object, int, java.lang.Object)'> (0x00000000f5f26e78) 
thrown [src/hotspot/share/interpreter/linkResolver.cpp, line 758]
Event: 43.561 Thread 0x00007f4434000ff0 Exception <a 'java/lang/NoSuchMethodError'{0x00000000f5f2fcf8}: 'java.lang.Object java.lang.invoke.DirectMethodHandle$Holder.newInvokeSpecial(java.lang.Object, java.lang.Object, int)'> (0x00000000f5f2fcf8) 
thrown [src/hotspot/share/interpreter/linkResolver.cpp, line 758]
Event: 45.133 Thread 0x00007f4434000ff0 Implicit null exception at 0x00007f44b3134bf9 to 0x00007f44ab504f68
Event: 47.227 Thread 0x00007f4434000ff0 Implicit null exception at 0x00007f44b314d1f9 to 0x00007f44ab504f68
Event: 535.182 Thread 0x00007f44480010d0 Exception <a 'java/lang/OutOfMemoryError'{0x00000000e00c4fb0}> (0x00000000e00c4fb0) 
thrown [src/hotspot/share/gc/shared/memAllocator.cpp, line 138]
Event: 535.182 Thread 0x00007f44480010d0 Implicit null exception at 0x00007f44b2fae8f0 to 0x00007f44b2faeb8b
Event: 544.044 Thread 0x00007f4458667160 Exception <a 'java/lang/OutOfMemoryError'{0x00000000e00c4a10}> (0x00000000e00c4a10) 
thrown [src/hotspot/share/gc/shared/memAllocator.cpp, line 138]
Event: 544.044 Thread 0x00007f4458667160 Implicit null exception at 0x00007f44b320176d to 0x00007f44b32017f9
Event: 548.286 Thread 0x00007f4430278da0 Exception <a 'java/lang/OutOfMemoryError'{0x00000000e00c4470}> (0x00000000e00c4470) 
thrown [src/hotspot/share/gc/shared/memAllocator.cpp, line 138]
Event: 548.286 Thread 0x00007f4430278da0 Implicit null exception at 0x00007f44b3164717 to 0x00007f44b3164957
Event: 551.251 Thread 0x00007f4430278da0 Exception <a 'java/lang/OutOfMemoryError'{0x00000000e00c4790}> (0x00000000e00c4790) 
thrown [src/hotspot/share/gc/shared/memAllocator.cpp, line 136]
Event: 551.251 Thread 0x00007f4430278da0 Exception <a 'java/lang/OutOfMemoryError'{0x00000000e00c44f0}> (0x00000000e00c44f0) 
thrown [src/hotspot/share/runtime/deoptimization.cpp, line 1108]
Event: 555.755 Thread 0x00007f44480010d0 Exception <a 'java/lang/OutOfMemoryError'{0x00000000e00c4470}> (0x00000000e00c4470) 
thrown [src/hotspot/share/gc/shared/memAllocator.cpp, line 138]
Event: 555.755 Thread 0x00007f44480010d0 Implicit null exception at 0x00007f44b2fae92a to 0x00007f44b2faeba7
Event: 558.689 Thread 0x00007f44c40b21d0 Exception <a 'java/lang/OutOfMemoryError'{0x00000000e00c4790}> (0x00000000e00c4790) 
thrown [src/hotspot/share/gc/shared/memAllocator.cpp, line 136]

VM Operations (20 events):
Event: 536.742 Executing VM operation: ParallelGCFailedAllocation
Event: 538.142 Executing VM operation: ParallelGCFailedAllocation done
Event: 538.142 Executing VM operation: ParallelGCFailedAllocation
Event: 539.549 Executing VM operation: ParallelGCFailedAllocation done
Event: 539.549 Executing VM operation: ParallelGCFailedAllocation
Event: 541.069 Executing VM operation: ParallelGCFailedAllocation done
Event: 541.069 Executing VM operation: ParallelGCFailedAllocation
Event: 544.044 Executing VM operation: ParallelGCFailedAllocation done
Event: 544.044 Executing VM operation: ParallelGCFailedAllocation
Event: 545.421 Executing VM operation: ParallelGCFailedAllocation done
Event: 545.422 Executing VM operation: ParallelGCFailedAllocation
Event: 548.286 Executing VM operation: ParallelGCFailedAllocation done
Event: 548.286 Executing VM operation: ParallelGCFailedAllocation
Event: 551.251 Executing VM operation: ParallelGCFailedAllocation done
Event: 551.252 Executing VM operation: ParallelGCFailedAllocation
Event: 552.647 Executing VM operation: ParallelGCFailedAllocation done
Event: 552.647 Executing VM operation: ParallelGCFailedAllocation
Event: 555.755 Executing VM operation: ParallelGCFailedAllocation done
Event: 555.758 Executing VM operation: ParallelGCFailedAllocation
Event: 558.689 Executing VM operation: ParallelGCFailedAllocation done

Events (20 events):
Event: 63.556 Thread 0x00007f44c40b4b30 flushing nmethod 0x00007f44aca19f10
Event: 63.556 Thread 0x00007f44c40b4b30 flushing nmethod 0x00007f44aca33b90
Event: 63.556 Thread 0x00007f44c40b4b30 flushing nmethod 0x00007f44aca37c10
Event: 63.556 Thread 0x00007f44c40b4b30 flushing nmethod 0x00007f44aca43790
Event: 63.556 Thread 0x00007f44c40b4b30 flushing nmethod 0x00007f44aca44090
Event: 63.556 Thread 0x00007f44c40b4b30 flushing nmethod 0x00007f44aca5d510
Event: 63.557 Thread 0x00007f44c40b4b30 flushing nmethod 0x00007f44acb50990
Event: 63.558 Thread 0x00007f44c40b4b30 flushing nmethod 0x00007f44acc8e710
Event: 63.558 Thread 0x00007f44c40b4b30 flushing nmethod 0x00007f44acc95010
Event: 63.560 Thread 0x00007f44c40b4b30 flushing nmethod 0x00007f44accca710
Event: 79.556 Thread 0x00007f4430278da0 Thread exited: 0x00007f4430278da0
Event: 118.784 Thread 0x00007f4448008150 Thread exited: 0x00007f4448008150
Event: 120.120 Thread 0x00007f44340a3e80 Thread exited: 0x00007f44340a3e80
Event: 121.523 Thread 0x00007f444c002fb0 Thread exited: 0x00007f444c002fb0
Event: 233.855 Thread 0x00007f4430278da0 Thread added: 0x00007f4430278da0
Event: 233.855 Protecting memory [0x00007f4471100000,0x00007f4471104000] with protection modes 0
Event: 318.792 Thread 0x00007f444c002fb0 Thread added: 0x00007f444c002fb0
Event: 318.792 Protecting memory [0x00007f4470500000,0x00007f4470504000] with protection modes 0
Event: 318.792 Thread 0x00007f44301d1390 Thread added: 0x00007f44301d1390
Event: 318.792 Protecting memory [0x00007f4471900000,0x00007f4471904000] with protection modes 0


Dynamic libraries:
e0000000-f5580000 rw-p 00000000 00:00 0 
f5580000-f8a00000 rw-p 00000000 00:00 0 
f8a00000-100000000 ---p 00000000 00:00 0 
800000000-800449000 rw-p 00001000 00:1198 9223372037562745673            /nix/store/gpxl5qgg8kicmcvivwmybwjlpf7wh20l-graalvm17-ce-22.3.0/lib/server/classes.jsa
800449000-800bc8000 r--p 0044a000 00:1198 9223372037562745673            /nix/store/gpxl5qgg8kicmcvivwmybwjlpf7wh20l-graalvm17-ce-22.3.0/lib/server/classes.jsa
800bc8000-800c00000 ---p 00000000 00:00 0 
800c00000-800c20000 rw-p 00000000 00:00 0 
800c20000-800c40000 rw-p 00000000 00:00 0 
800c40000-800cc0000 rw-p 00000000 00:00 0 
800cc0000-800d00000 rw-p 00000000 00:00 0 
800d00000-800dc0000 rw-p 00000000 00:00 0 
800dc0000-800e00000 rw-p 00000000 00:00 0 
800e00000-8010e0000 rw-p 00000000 00:00 0 
8010e0000-840c00000 ---p 00000000 00:00 0 
5620077bd000-5620077be000 r-xp 00000000 00:1198 9223372037526805748      /nix/store/gpxl5qgg8kicmcvivwmybwjlpf7wh20l-graalvm17-ce-22.3.0/bin/.java-wrapped
5620077bf000-5620077c0000 r--p 00001000 00:1198 9223372037526805748      /nix/store/gpxl5qgg8kicmcvivwmybwjlpf7wh20l-graalvm17-ce-22.3.0/bin/.java-wrapped
5620077c0000-5620077c1000 rw-p 00002000 00:1198 9223372037526805748      /nix/store/gpxl5qgg8kicmcvivwmybwjlpf7wh20l-graalvm17-ce-22.3.0/bin/.java-wrapped
5620077c1000-5620077c2000 rw-p 00004000 00:1198 9223372037526805748      /nix/store/gpxl5qgg8kicmcvivwmybwjlpf7wh20l-graalvm17-ce-22.3.0/bin/.java-wrapped
5620077c2000-5620077c3000 rw-p 00005000 00:1198 9223372037526805748      /nix/store/gpxl5qgg8kicmcvivwmybwjlpf7wh20l-graalvm17-ce-22.3.0/bin/.java-wrapped
56200921f000-562009267000 rw-p 00000000 00:00 0                          [heap]
7f43f8000000-7f43f8021000 rw-p 00000000 00:00 0 
7f43f8021000-7f43fc000000 ---p 00000000 00:00 0 
7f4400000000-7f4400021000 rw-p 00000000 00:00 0 
7f4400021000-7f4404000000 ---p 00000000 00:00 0 
7f4404000000-7f4404021000 rw-p 00000000 00:00 0 
7f4404021000-7f4408000000 ---p 00000000 00:00 0 
7f4408000000-7f4408021000 rw-p 00000000 00:00 0 
7f4408021000-7f440c000000 ---p 00000000 00:00 0 
7f440c000000-7f440c02c000 rw-p 00000000 00:00 0 
7f440c02c000-7f4410000000 ---p 00000000 00:00 0 
7f4410000000-7f4410021000 rw-p 00000000 00:00 0 
7f4410021000-7f4414000000 ---p 00000000 00:00 0 
7f4414000000-7f4414021000 rw-p 00000000 00:00 0 
7f4414021000-7f4418000000 ---p 00000000 00:00 0 
7f4418000000-7f44180b0000 rw-p 00000000 00:00 0 
7f44180b0000-7f441c000000 ---p 00000000 00:00 0 
7f441e4b3000-7f4428000000 r--s 00000000 00:1198 9223372037562580485      /nix/store/gpxl5qgg8kicmcvivwmybwjlpf7wh20l-graalvm17-ce-22.3.0/lib/modules
7f4428000000-7f4428021000 rw-p 00000000 00:00 0 
7f4428021000-7f442c000000 ---p 00000000 00:00 0 
7f442f000000-7f442f500000 rw-p 00000000 00:00 0 
7f442f500000-7f442f520000 rw-p 00000000 00:00 0 
7f442f520000-7f442f600000 ---p 00000000 00:00 0 
7f442f600000-7f442f680000 rw-p 00000000 00:00 0 
7f442f680000-7f442f800000 ---p 00000000 00:00 0 
7f442f800000-7f442fd80000 rw-p 00000000 00:00 0 
7f442fd80000-7f442fe00000 rw-p 00000000 00:00 0 
7f442fe00000-7f4430000000 rw-p 00000000 00:00 0 
7f4430000000-7f44302f7000 rw-p 00000000 00:00 0 
7f44302f7000-7f4434000000 ---p 00000000 00:00 0 
7f4434000000-7f44340bf000 rw-p 00000000 00:00 0 
7f44340bf000-7f4438000000 ---p 00000000 00:00 0 
7f4438000000-7f4438021000 rw-p 00000000 00:00 0 
7f4438021000-7f443c000000 ---p 00000000 00:00 0 
7f443c000000-7f443c021000 rw-p 00000000 00:00 0 
7f443c021000-7f4440000000 ---p 00000000 00:00 0 
7f4440000000-7f44400a3000 rw-p 00000000 00:00 0 
7f44400a3000-7f4444000000 ---p 00000000 00:00 0 
7f4444000000-7f4444023000 rw-p 00000000 00:00 0 
7f4444023000-7f4448000000 ---p 00000000 00:00 0 
7f4448000000-7f4448391000 rw-p 00000000 00:00 0 
7f4448391000-7f444c000000 ---p 00000000 00:00 0 
7f444c000000-7f444c04c000 rw-p 00000000 00:00 0 
7f444c04c000-7f4450000000 ---p 00000000 00:00 0 
7f4450000000-7f4450021000 rw-p 00000000 00:00 0 
7f4450021000-7f4454000000 ---p 00000000 00:00 0 
7f4454000000-7f4454021000 rw-p 00000000 00:00 0 
7f4454021000-7f4458000000 ---p 00000000 00:00 0 
7f4458000000-7f4458901000 rw-p 00000000 00:00 0 
7f4458901000-7f445c000000 ---p 00000000 00:00 0 
7f445c000000-7f445c021000 rw-p 00000000 00:00 0 
7f445c021000-7f4460000000 ---p 00000000 00:00 0 
7f4460000000-7f4460021000 rw-p 00000000 00:00 0 
7f4460021000-7f4464000000 ---p 00000000 00:00 0 
7f4464000000-7f4464021000 rw-p 00000000 00:00 0 
7f4464021000-7f4468000000 ---p 00000000 00:00 0 
7f4468000000-7f4468021000 rw-p 00000000 00:00 0 
7f4468021000-7f446c000000 ---p 00000000 00:00 0 
7f446c400000-7f446cc00000 rw-p 00000000 00:00 0 
7f446dc00000-7f446dd00000 rw-p 00000000 00:00 0 
7f446dd00000-7f446de00000 rw-p 00000000 00:00 0 
7f446de00000-7f446e300000 rw-p 00000000 00:00 0 
7f446e300000-7f446e400000 rw-p 00000000 00:00 0 
7f446e800000-7f446e900000 rw-p 00000000 00:00 0 
7f446e900000-7f446ea00000 rw-p 00000000 00:00 0 
7f446ea00000-7f446ef80000 rw-p 00000000 00:00 0 
7f446ef80000-7f446f000000 rw-p 00000000 00:00 0 
7f446f000000-7f446f010000 r-xp 00000000 00:1192 353                      /home/runner/.cache/jdt-language-server/config/org.eclipse.equinox.launcher/org.eclipse.equinox.launcher.gtk.linux.x86_64_1.2.400.v20211117-0650/eclipse_11600.so
7f446f010000-7f446f20f000 ---p 00010000 00:1192 353                      /home/runner/.cache/jdt-language-server/config/org.eclipse.equinox.launcher/org.eclipse.equinox.launcher.gtk.linux.x86_64_1.2.400.v20211117-0650/eclipse_11600.so
7f446f20f000-7f446f210000 r--p 0000f000 00:1192 353                      /home/runner/.cache/jdt-language-server/config/org.eclipse.equinox.launcher/org.eclipse.equinox.launcher.gtk.linux.x86_64_1.2.400.v20211117-0650/eclipse_11600.so
7f446f210000-7f446f211000 rw-p 00010000 00:1192 353                      /home/runner/.cache/jdt-language-server/config/org.eclipse.equinox.launcher/org.eclipse.equinox.launcher.gtk.linux.x86_64_1.2.400.v20211117-0650/eclipse_11600.so
7f446f300000-7f446f400000 ---p 00000000 00:00 0 
7f446f400000-7f446f9af000 r--p 01122000 00:1198 9223372037562577944      /nix/store/gpxl5qgg8kicmcvivwmybwjlpf7wh20l-graalvm17-ce-22.3.0/lib/libjvmcicompiler.so
7f446f9af000-7f446fb00000 r--p 00000000 00:00 0 
7f446fb00000-7f446fb3d000 rw-p 00000000 00:00 0 
7f446fb3d000-7f447005d000 rw-p 0185f000 00:1198 9223372037562577944      /nix/store/gpxl5qgg8kicmcvivwmybwjlpf7wh20l-graalvm17-ce-22.3.0/lib/libjvmcicompiler.so
7f447005d000-7f4470444000 r--p 01d7f000 00:1198 9223372037562577944      /nix/store/gpxl5qgg8kicmcvivwmybwjlpf7wh20l-graalvm17-ce-22.3.0/lib/libjvmcicompiler.so
7f4470500000-7f4470504000 ---p 00000000 00:00 0 
7f4470504000-7f4470600000 rw-p 00000000 00:00 0 
7f4470700000-7f4470704000 ---p 00000000 00:00 0 
7f4470704000-7f4470800000 rw-p 00000000 00:00 0 
7f4470900000-7f4470904000 ---p 00000000 00:00 0 
7f4470904000-7f4470a00000 rw-p 00000000 00:00 0 
7f4470a00000-7f4470a04000 ---p 00000000 00:00 0 
7f4470a04000-7f4470b00000 rw-p 00000000 00:00 0 
7f4470b00000-7f4470b04000 ---p 00000000 00:00 0 
7f4470b04000-7f4470c00000 rw-p 00000000 00:00 0 
7f4470e00000-7f4470e04000 ---p 00000000 00:00 0 
7f4470e04000-7f4470f00000 rw-p 00000000 00:00 0 
7f4470f00000-7f4470f04000 ---p 00000000 00:00 0 
7f4470f04000-7f4471000000 rw-p 00000000 00:00 0 
7f4471100000-7f4471104000 ---p 00000000 00:00 0 
7f4471104000-7f4471200000 rw-p 00000000 00:00 0 
7f4471300000-7f4471304000 ---p 00000000 00:00 0 
7f4471304000-7f4471400000 rw-p 00000000 00:00 0 
7f4471500000-7f4471504000 ---p 00000000 00:00 0 
7f4471504000-7f4471600000 rw-p 00000000 00:00 0 
7f4471600000-7f4471604000 ---p 00000000 00:00 0 
7f4471604000-7f4471700000 rw-p 00000000 00:00 0 
7f4471700000-7f4471704000 ---p 00000000 00:00 0 
7f4471704000-7f4471800000 rw-p 00000000 00:00 0 
7f4471900000-7f4471904000 ---p 00000000 00:00 0 
7f4471904000-7f4471a00000 rw-p 00000000 00:00 0 
7f4471b00000-7f4471b04000 ---p 00000000 00:00 0 
7f4471b04000-7f4471c00000 rw-p 00000000 00:00 0 
7f4471c00000-7f4473d6a000 r-xp 00000000 00:1198 9223372037562577944      /nix/store/gpxl5qgg8kicmcvivwmybwjlpf7wh20l-graalvm17-ce-22.3.0/lib/libjvmcicompiler.so
7f4473d6a000-7f4473f69000 ---p 0216a000 00:1198 9223372037562577944      /nix/store/gpxl5qgg8kicmcvivwmybwjlpf7wh20l-graalvm17-ce-22.3.0/lib/libjvmcicompiler.so
7f4473f69000-7f4473f6a000 r--p 02169000 00:1198 9223372037562577944      /nix/store/gpxl5qgg8kicmcvivwmybwjlpf7wh20l-graalvm17-ce-22.3.0/lib/libjvmcicompiler.so
7f4473f6a000-7f4473f6c000 rw-p 0216a000 00:1198 9223372037562577944      /nix/store/gpxl5qgg8kicmcvivwmybwjlpf7wh20l-graalvm17-ce-22.3.0/lib/libjvmcicompiler.so
7f4473f6c000-7f4473f6d000 rw-p 00000000 00:00 0 
7f4473f6d000-7f4473f72000 rw-p 023c3000 00:1198 9223372037562577944      /nix/store/gpxl5qgg8kicmcvivwmybwjlpf7wh20l-graalvm17-ce-22.3.0/lib/libjvmcicompiler.so
7f4474000000-7f4474021000 rw-p 00000000 00:00 0 
7f4474021000-7f4478000000 ---p 00000000 00:00 0 
7f4478000000-7f4478021000 rw-p 00000000 00:00 0 
7f4478021000-7f447c000000 ---p 00000000 00:00 0 
7f447c000000-7f447c039000 rw-p 00000000 00:00 0 
7f447c039000-7f4480000000 ---p 00000000 00:00 0 
7f4480000000-7f4480021000 rw-p 00000000 00:00 0 
7f4480021000-7f4484000000 ---p 00000000 00:00 0 
7f4484000000-7f44840d8000 rw-p 00000000 00:00 0 
7f44840d8000-7f4488000000 ---p 00000000 00:00 0 
7f4488000000-7f4488ba0000 rw-p 00000000 00:00 0 
7f4488ba0000-7f448c000000 ---p 00000000 00:00 0 
7f448c000000-7f448c021000 rw-p 00000000 00:00 0 
7f448c021000-7f4490000000 ---p 00000000 00:00 0 
7f4490000000-7f4490021000 rw-p 00000000 00:00 0 
7f4490021000-7f4494000000 ---p 00000000 00:00 0 
7f4494000000-7f4494021000 rw-p 00000000 00:00 0 
7f4494021000-7f4498000000 ---p 00000000 00:00 0 
7f4498000000-7f4498021000 rw-p 00000000 00:00 0 
7f4498021000-7f449c000000 ---p 00000000 00:00 0 
7f449c000000-7f449c021000 rw-p 00000000 00:00 0 
7f449c021000-7f44a0000000 ---p 00000000 00:00 0 
7f44a0000000-7f44a0021000 rw-p 00000000 00:00 0 
7f44a0021000-7f44a4000000 ---p 00000000 00:00 0 
7f44a4000000-7f44a404c000 rw-p 00000000 00:00 0 
7f44a404c000-7f44a8000000 ---p 00000000 00:00 0 
7f44a8100000-7f44a8104000 ---p 00000000 00:00 0 
7f44a8104000-7f44a8200000 rw-p 00000000 00:00 0 
7f44a8300000-7f44a8304000 ---p 00000000 00:00 0 
7f44a8304000-7f44a8400000 rw-p 00000000 00:00 0 
7f44a8400000-7f44a8404000 ---p 00000000 00:00 0 
7f44a8404000-7f44a8500000 rw-p 00000000 00:00 0 
7f44a8500000-7f44a8504000 ---p 00000000 00:00 0 
7f44a8504000-7f44a8600000 rw-p 00000000 00:00 0 
7f44a8700000-7f44a8704000 ---p 00000000 00:00 0 
7f44a8704000-7f44a8800000 rw-p 00000000 00:00 0 
7f44a8800000-7f44a8804000 ---p 00000000 00:00 0 
7f44a8804000-7f44a8900000 rw-p 00000000 00:00 0 
7f44a8900000-7f44a8904000 ---p 00000000 00:00 0 
7f44a8904000-7f44a8a00000 rw-p 00000000 00:00 0 
7f44a8b00000-7f44a8b04000 ---p 00000000 00:00 0 
7f44a8b04000-7f44a8c00000 rw-p 00000000 00:00 0 
7f44a8d00000-7f44a8d04000 ---p 00000000 00:00 0 
7f44a8d04000-7f44a8e00000 rw-p 00000000 00:00 0 
7f44a9b68000-7f44aa000000 rw-p 00000000 00:00 0 
7f44aa018000-7f44aa019000 ---p 00000000 00:00 0 
7f44aa019000-7f44aa11a000 rw-p 00000000 00:00 0 
7f44aa11a000-7f44aa11e000 ---p 00000000 00:00 0 
7f44aa11e000-7f44aa21a000 rw-p 00000000 00:00 0 
7f44aa21a000-7f44aa21e000 ---p 00000000 00:00 0 
7f44aa21e000-7f44aa31a000 rw-p 00000000 00:00 0 
7f44aa31a000-7f44aa31e000 ---p 00000000 00:00 0 
7f44aa31e000-7f44aa41a000 rw-p 00000000 00:00 0 
7f44aa41a000-7f44aa41e000 ---p 00000000 00:00 0 
7f44aa41e000-7f44aa61a000 rw-p 00000000 00:00 0 
7f44aa61a000-7f44aa61e000 ---p 00000000 00:00 0 
7f44aa61e000-7f44aa81a000 rw-p 00000000 00:00 0 
7f44aa81a000-7f44aa81e000 ---p 00000000 00:00 0 
7f44aa81e000-7f44aa91a000 rw-p 00000000 00:00 0 
7f44aa91a000-7f44aac00000 r--p 00000000 00:cc4 28444448                  /usr/lib/locale/locale-archive
7f44aac00000-7f44ab000000 rw-p 00000000 00:00 0 
7f44ab000000-7f44ab2c0000 rw-p 00000000 00:00 0 
7f44ab2c0000-7f44ab300000 rw-p 00000000 00:00 0 
7f44ab300000-7f44ab400000 rw-p 00000000 00:00 0 
7f44ab45c000-7f44ab460000 ---p 00000000 00:00 0 
7f44ab460000-7f44ab47e000 rw-p 00000000 00:00 0 
7f44ab47e000-7f44ab493000 r-xp 00000000 00:1198 9223372037562580474      /nix/store/gpxl5qgg8kicmcvivwmybwjlpf7wh20l-graalvm17-ce-22.3.0/lib/libnet.so
7f44ab493000-7f44ab494000 ---p 00015000 00:1198 9223372037562580474      /nix/store/gpxl5qgg8kicmcvivwmybwjlpf7wh20l-graalvm17-ce-22.3.0/lib/libnet.so
7f44ab494000-7f44ab495000 r--p 00015000 00:1198 9223372037562580474      /nix/store/gpxl5qgg8kicmcvivwmybwjlpf7wh20l-graalvm17-ce-22.3.0/lib/libnet.so
7f44ab495000-7f44ab496000 rw-p 00016000 00:1198 9223372037562580474      /nix/store/gpxl5qgg8kicmcvivwmybwjlpf7wh20l-graalvm17-ce-22.3.0/lib/libnet.so
7f44ab496000-7f44ab499000 rw-p 0001b000 00:1198 9223372037562580474      /nix/store/gpxl5qgg8kicmcvivwmybwjlpf7wh20l-graalvm17-ce-22.3.0/lib/libnet.so
7f44ab499000-7f44ab4ac000 r-xp 00000000 00:1198 9223372037562580475      /nix/store/gpxl5qgg8kicmcvivwmybwjlpf7wh20l-graalvm17-ce-22.3.0/lib/libnio.so
7f44ab4ac000-7f44ab4ad000 r--p 00012000 00:1198 9223372037562580475      /nix/store/gpxl5qgg8kicmcvivwmybwjlpf7wh20l-graalvm17-ce-22.3.0/lib/libnio.so
7f44ab4ad000-7f44ab4ae000 rw-p 00013000 00:1198 9223372037562580475      /nix/store/gpxl5qgg8kicmcvivwmybwjlpf7wh20l-graalvm17-ce-22.3.0/lib/libnio.so
7f44ab4ae000-7f44ab4b3000 rw-p 00019000 00:1198 9223372037562580475      /nix/store/gpxl5qgg8kicmcvivwmybwjlpf7wh20l-graalvm17-ce-22.3.0/lib/libnio.so
7f44ab4b3000-7f44ab723000 rwxp 00000000 00:00 0 
7f44ab723000-7f44aba42000 ---p 00000000 00:00 0 
7f44aba42000-7f44ace12000 rwxp 00000000 00:00 0 
7f44ace12000-7f44b2f7a000 ---p 00000000 00:00 0 
7f44b2f7a000-7f44b320a000 rwxp 00000000 00:00 0 
7f44b320a000-7f44ba4b3000 ---p 00000000 00:00 0 
7f44ba4b3000-7f44c4000000 r--s 00000000 00:1198 9223372037562580485      /nix/store/gpxl5qgg8kicmcvivwmybwjlpf7wh20l-graalvm17-ce-22.3.0/lib/modules
7f44c4000000-7f44c4410000 rw-p 00000000 00:00 0 
7f44c4410000-7f44c8000000 ---p 00000000 00:00 0 
7f44c8004000-7f44c800b000 r-xp 00000000 00:1198 9223372037562580484      /nix/store/gpxl5qgg8kicmcvivwmybwjlpf7wh20l-graalvm17-ce-22.3.0/lib/libzip.so
7f44c800b000-7f44c800c000 ---p 00007000 00:1198 9223372037562580484      /nix/store/gpxl5qgg8kicmcvivwmybwjlpf7wh20l-graalvm17-ce-22.3.0/lib/libzip.so
7f44c800c000-7f44c800d000 r--p 00007000 00:1198 9223372037562580484      /nix/store/gpxl5qgg8kicmcvivwmybwjlpf7wh20l-graalvm17-ce-22.3.0/lib/libzip.so
7f44c800d000-7f44c800e000 rw-p 00008000 00:1198 9223372037562580484      /nix/store/gpxl5qgg8kicmcvivwmybwjlpf7wh20l-graalvm17-ce-22.3.0/lib/libzip.so
7f44c800e000-7f44c8010000 rw-p 0000b000 00:1198 9223372037562580484      /nix/store/gpxl5qgg8kicmcvivwmybwjlpf7wh20l-graalvm17-ce-22.3.0/lib/libzip.so
7f44c8010000-7f44c8014000 ---p 00000000 00:00 0 
7f44c8014000-7f44c8110000 rw-p 00000000 00:00 0 
7f44c8110000-7f44c8114000 ---p 00000000 00:00 0 
7f44c8114000-7f44c8210000 rw-p 00000000 00:00 0 
7f44c8210000-7f44c8214000 ---p 00000000 00:00 0 
7f44c8214000-7f44c8310000 rw-p 00000000 00:00 0 
7f44c8310000-7f44c8314000 ---p 00000000 00:00 0 
7f44c8314000-7f44c8410000 rw-p 00000000 00:00 0 
7f44c8410000-7f44c8411000 ---p 00000000 00:00 0 
7f44c8411000-7f44c8512000 rw-p 00000000 00:00 0 
7f44c8512000-7f44c85e0000 r-xp 00000000 00:1198 9223372037562577940      /nix/store/gpxl5qgg8kicmcvivwmybwjlpf7wh20l-graalvm17-ce-22.3.0/lib/libjsvml.so
7f44c85e0000-7f44c85e1000 r--p 000cd000 00:1198 9223372037562577940      /nix/store/gpxl5qgg8kicmcvivwmybwjlpf7wh20l-graalvm17-ce-22.3.0/lib/libjsvml.so
7f44c85e1000-7f44c85e2000 rw-p 000ce000 00:1198 9223372037562577940      /nix/store/gpxl5qgg8kicmcvivwmybwjlpf7wh20l-graalvm17-ce-22.3.0/lib/libjsvml.so
7f44c85e2000-7f44c9eba000 rw-p 00000000 00:00 0 
7f44c9eba000-7f44c9ebb000 ---p 00000000 00:00 0 
7f44c9ebb000-7f44ca066000 rw-p 00000000 00:00 0 
7f44ca066000-7f44ca081000 rw-p 00000000 00:00 0 
7f44ca081000-7f44ca0bc000 ---p 00000000 00:00 0 
7f44ca0bc000-7f44ca0c3000 rw-p 00000000 00:00 0 
7f44ca0c3000-7f44ca1a8000 ---p 00000000 00:00 0 
7f44ca1a8000-7f44ca1d0000 rw-p 00000000 00:00 0 
7f44ca1d0000-7f44ca293000 ---p 00000000 00:00 0 
7f44ca293000-7f44ca298000 rw-p 00000000 00:00 0 
7f44ca298000-7f44ca29f000 ---p 00000000 00:00 0 
7f44ca29f000-7f44ca2c3000 r-xp 00000000 00:1198 9223372037562577932      /nix/store/gpxl5qgg8kicmcvivwmybwjlpf7wh20l-graalvm17-ce-22.3.0/lib/libjava.so
7f44ca2c3000-7f44ca2c4000 ---p 00024000 00:1198 9223372037562577932      /nix/store/gpxl5qgg8kicmcvivwmybwjlpf7wh20l-graalvm17-ce-22.3.0/lib/libjava.so
7f44ca2c4000-7f44ca2c5000 r--p 00024000 00:1198 9223372037562577932      /nix/store/gpxl5qgg8kicmcvivwmybwjlpf7wh20l-graalvm17-ce-22.3.0/lib/libjava.so
7f44ca2c5000-7f44ca2c6000 rw-p 00025000 00:1198 9223372037562577932      /nix/store/gpxl5qgg8kicmcvivwmybwjlpf7wh20l-graalvm17-ce-22.3.0/lib/libjava.so
7f44ca2c6000-7f44ca2c7000 rw-p 00000000 00:00 0 
7f44ca2c7000-7f44ca2ce000 rw-p 0002f000 00:1198 9223372037562577932      /nix/store/gpxl5qgg8kicmcvivwmybwjlpf7wh20l-graalvm17-ce-22.3.0/lib/libjava.so
7f44ca2ce000-7f44ca2d6000 rw-s 00000000 00:331 914                       /tmp/hsperfdata_runner/1634
7f44ca2d6000-7f44ca2d7000 ---p 00000000 00:00 0 
7f44ca2d7000-7f44ca2d8000 r--p 00000000 00:00 0 
7f44ca2d8000-7f44ca2d9000 rwxp 00000000 00:00 0 
7f44ca2d9000-7f44ca2f4000 r-xp 00000000 00:1198 9223372037562577936      /nix/store/gpxl5qgg8kicmcvivwmybwjlpf7wh20l-graalvm17-ce-22.3.0/lib/libjimage.so
7f44ca2f4000-7f44ca2f5000 ---p 0001b000 00:1198 9223372037562577936      /nix/store/gpxl5qgg8kicmcvivwmybwjlpf7wh20l-graalvm17-ce-22.3.0/lib/libjimage.so
7f44ca2f5000-7f44ca2f7000 r--p 0001b000 00:1198 9223372037562577936      /nix/store/gpxl5qgg8kicmcvivwmybwjlpf7wh20l-graalvm17-ce-22.3.0/lib/libjimage.so
7f44ca2f7000-7f44ca2f8000 rw-p 0001d000 00:1198 9223372037562577936      /nix/store/gpxl5qgg8kicmcvivwmybwjlpf7wh20l-graalvm17-ce-22.3.0/lib/libjimage.so
7f44ca2f8000-7f44ca2f9000 rw-p 00024000 00:1198 9223372037562577936      /nix/store/gpxl5qgg8kicmcvivwmybwjlpf7wh20l-graalvm17-ce-22.3.0/lib/libjimage.so
7f44ca2f9000-7f44ca2fd000 ---p 00000000 00:00 0 
7f44ca2fd000-7f44ca3f9000 rw-p 00000000 00:00 0 
7f44ca3f9000-7f44ca407000 r--p 00000000 00:1198 9223372037455367831      /nix/store/4nlgxhb09sdr51nc9hdm8az5b08vzkgx-glibc-2.35-163/lib/libm.so.6
7f44ca407000-7f44ca47a000 r-xp 0000e000 00:1198 9223372037455367831      /nix/store/4nlgxhb09sdr51nc9hdm8az5b08vzkgx-glibc-2.35-163/lib/libm.so.6
7f44ca47a000-7f44ca4d7000 r--p 00081000 00:1198 9223372037455367831      /nix/store/4nlgxhb09sdr51nc9hdm8az5b08vzkgx-glibc-2.35-163/lib/libm.so.6
7f44ca4d7000-7f44ca4d8000 r--p 000dd000 00:1198 9223372037455367831      /nix/store/4nlgxhb09sdr51nc9hdm8az5b08vzkgx-glibc-2.35-163/lib/libm.so.6
7f44ca4d8000-7f44ca4d9000 rw-p 000de000 00:1198 9223372037455367831      /nix/store/4nlgxhb09sdr51nc9hdm8az5b08vzkgx-glibc-2.35-163/lib/libm.so.6
7f44ca4d9000-7f44ca4da000 r--p 00000000 00:1198 9223372037455367850      /nix/store/4nlgxhb09sdr51nc9hdm8az5b08vzkgx-glibc-2.35-163/lib/librt.so.1
7f44ca4da000-7f44ca4db000 r-xp 00001000 00:1198 9223372037455367850      /nix/store/4nlgxhb09sdr51nc9hdm8az5b08vzkgx-glibc-2.35-163/lib/librt.so.1
7f44ca4db000-7f44ca4dc000 r--p 00002000 00:1198 9223372037455367850      /nix/store/4nlgxhb09sdr51nc9hdm8az5b08vzkgx-glibc-2.35-163/lib/librt.so.1
7f44ca4dc000-7f44ca4dd000 r--p 00002000 00:1198 9223372037455367850      /nix/store/4nlgxhb09sdr51nc9hdm8az5b08vzkgx-glibc-2.35-163/lib/librt.so.1
7f44ca4dd000-7f44ca4de000 rw-p 00003000 00:1198 9223372037455367850      /nix/store/4nlgxhb09sdr51nc9hdm8az5b08vzkgx-glibc-2.35-163/lib/librt.so.1
7f44ca4de000-7f44cb5f1000 r-xp 00000000 00:1198 9223372037562748770      /nix/store/gpxl5qgg8kicmcvivwmybwjlpf7wh20l-graalvm17-ce-22.3.0/lib/server/libjvm.so
7f44cb5f1000-7f44cb5f2000 ---p 01113000 00:1198 9223372037562748770      /nix/store/gpxl5qgg8kicmcvivwmybwjlpf7wh20l-graalvm17-ce-22.3.0/lib/server/libjvm.so
7f44cb5f2000-7f44cb6a7000 r--p 01113000 00:1198 9223372037562748770      /nix/store/gpxl5qgg8kicmcvivwmybwjlpf7wh20l-graalvm17-ce-22.3.0/lib/server/libjvm.so
7f44cb6a7000-7f44cb6db000 rw-p 011c8000 00:1198 9223372037562748770      /nix/store/gpxl5qgg8kicmcvivwmybwjlpf7wh20l-graalvm17-ce-22.3.0/lib/server/libjvm.so
7f44cb6db000-7f44cb737000 rw-p 00000000 00:00 0 
7f44cb737000-7f44cb75f000 r--p 00000000 00:1198 9223372037455367822      /nix/store/4nlgxhb09sdr51nc9hdm8az5b08vzkgx-glibc-2.35-163/lib/libc.so.6
7f44cb75f000-7f44cb8d5000 r-xp 00028000 00:1198 9223372037455367822      /nix/store/4nlgxhb09sdr51nc9hdm8az5b08vzkgx-glibc-2.35-163/lib/libc.so.6
7f44cb8d5000-7f44cb92d000 r--p 0019e000 00:1198 9223372037455367822      /nix/store/4nlgxhb09sdr51nc9hdm8az5b08vzkgx-glibc-2.35-163/lib/libc.so.6
7f44cb92d000-7f44cb931000 r--p 001f6000 00:1198 9223372037455367822      /nix/store/4nlgxhb09sdr51nc9hdm8az5b08vzkgx-glibc-2.35-163/lib/libc.so.6
7f44cb931000-7f44cb933000 rw-p 001fa000 00:1198 9223372037455367822      /nix/store/4nlgxhb09sdr51nc9hdm8az5b08vzkgx-glibc-2.35-163/lib/libc.so.6
7f44cb933000-7f44cb942000 rw-p 00000000 00:00 0 
7f44cb942000-7f44cb943000 r--p 00000000 00:1198 9223372037455367827      /nix/store/4nlgxhb09sdr51nc9hdm8az5b08vzkgx-glibc-2.35-163/lib/libdl.so.2
7f44cb943000-7f44cb944000 r-xp 00001000 00:1198 9223372037455367827      /nix/store/4nlgxhb09sdr51nc9hdm8az5b08vzkgx-glibc-2.35-163/lib/libdl.so.2
7f44cb944000-7f44cb945000 r--p 00002000 00:1198 9223372037455367827      /nix/store/4nlgxhb09sdr51nc9hdm8az5b08vzkgx-glibc-2.35-163/lib/libdl.so.2
7f44cb945000-7f44cb946000 r--p 00002000 00:1198 9223372037455367827      /nix/store/4nlgxhb09sdr51nc9hdm8az5b08vzkgx-glibc-2.35-163/lib/libdl.so.2
7f44cb946000-7f44cb947000 rw-p 00003000 00:1198 9223372037455367827      /nix/store/4nlgxhb09sdr51nc9hdm8az5b08vzkgx-glibc-2.35-163/lib/libdl.so.2
7f44cb947000-7f44cb948000 r--p 00000000 00:1198 9223372037455367846      /nix/store/4nlgxhb09sdr51nc9hdm8az5b08vzkgx-glibc-2.35-163/lib/libpthread.so.0
7f44cb948000-7f44cb949000 r-xp 00001000 00:1198 9223372037455367846      /nix/store/4nlgxhb09sdr51nc9hdm8az5b08vzkgx-glibc-2.35-163/lib/libpthread.so.0
7f44cb949000-7f44cb94a000 r--p 00002000 00:1198 9223372037455367846      /nix/store/4nlgxhb09sdr51nc9hdm8az5b08vzkgx-glibc-2.35-163/lib/libpthread.so.0
7f44cb94a000-7f44cb94b000 r--p 00002000 00:1198 9223372037455367846      /nix/store/4nlgxhb09sdr51nc9hdm8az5b08vzkgx-glibc-2.35-163/lib/libpthread.so.0
7f44cb94b000-7f44cb94c000 rw-p 00003000 00:1198 9223372037455367846      /nix/store/4nlgxhb09sdr51nc9hdm8az5b08vzkgx-glibc-2.35-163/lib/libpthread.so.0
7f44cb94c000-7f44cb95a000 r-xp 00000000 00:1198 9223372037562577937      /nix/store/gpxl5qgg8kicmcvivwmybwjlpf7wh20l-graalvm17-ce-22.3.0/lib/libjli.so
7f44cb95a000-7f44cb95b000 ---p 0000e000 00:1198 9223372037562577937      /nix/store/gpxl5qgg8kicmcvivwmybwjlpf7wh20l-graalvm17-ce-22.3.0/lib/libjli.so
7f44cb95b000-7f44cb95c000 r--p 0000e000 00:1198 9223372037562577937      /nix/store/gpxl5qgg8kicmcvivwmybwjlpf7wh20l-graalvm17-ce-22.3.0/lib/libjli.so
7f44cb95c000-7f44cb95d000 rw-p 0000f000 00:1198 9223372037562577937      /nix/store/gpxl5qgg8kicmcvivwmybwjlpf7wh20l-graalvm17-ce-22.3.0/lib/libjli.so
7f44cb95d000-7f44cb95e000 rw-p 00012000 00:1198 9223372037562577937      /nix/store/gpxl5qgg8kicmcvivwmybwjlpf7wh20l-graalvm17-ce-22.3.0/lib/libjli.so
7f44cb95e000-7f44cb961000 r--p 00000000 00:1198 9223372037533597975      /nix/store/026hln0aq1hyshaxsdvhg0kmcm6yf45r-zlib-1.2.13/lib/libz.so.1.2.13
7f44cb961000-7f44cb973000 r-xp 00003000 00:1198 9223372037533597975      /nix/store/026hln0aq1hyshaxsdvhg0kmcm6yf45r-zlib-1.2.13/lib/libz.so.1.2.13
7f44cb973000-7f44cb97a000 r--p 00015000 00:1198 9223372037533597975      /nix/store/026hln0aq1hyshaxsdvhg0kmcm6yf45r-zlib-1.2.13/lib/libz.so.1.2.13
7f44cb97a000-7f44cb97b000 r--p 0001b000 00:1198 9223372037533597975      /nix/store/026hln0aq1hyshaxsdvhg0kmcm6yf45r-zlib-1.2.13/lib/libz.so.1.2.13
7f44cb97b000-7f44cb97c000 rw-p 0001c000 00:1198 9223372037533597975      /nix/store/026hln0aq1hyshaxsdvhg0kmcm6yf45r-zlib-1.2.13/lib/libz.so.1.2.13
7f44cb97c000-7f44cb97e000 rw-p 00000000 00:00 0 
7f44cb97e000-7f44cb980000 r--p 00000000 00:1198 9223372037455367816      /nix/store/4nlgxhb09sdr51nc9hdm8az5b08vzkgx-glibc-2.35-163/lib/ld-linux-x86-64.so.2
7f44cb980000-7f44cb9a7000 r-xp 00002000 00:1198 9223372037455367816      /nix/store/4nlgxhb09sdr51nc9hdm8az5b08vzkgx-glibc-2.35-163/lib/ld-linux-x86-64.so.2
7f44cb9a7000-7f44cb9b3000 r--p 00029000 00:1198 9223372037455367816      /nix/store/4nlgxhb09sdr51nc9hdm8az5b08vzkgx-glibc-2.35-163/lib/ld-linux-x86-64.so.2
7f44cb9b3000-7f44cb9b5000 r--p 00034000 00:1198 9223372037455367816      /nix/store/4nlgxhb09sdr51nc9hdm8az5b08vzkgx-glibc-2.35-163/lib/ld-linux-x86-64.so.2
7f44cb9b5000-7f44cb9b7000 rw-p 00036000 00:1198 9223372037455367816      /nix/store/4nlgxhb09sdr51nc9hdm8az5b08vzkgx-glibc-2.35-163/lib/ld-linux-x86-64.so.2
7ffc2940e000-7ffc29432000 rw-p 00000000 00:00 0                          [stack]
7ffc2954e000-7ffc29552000 r--p 00000000 00:00 0                          [vvar]
7ffc29552000-7ffc29554000 r-xp 00000000 00:00 0                          [vdso]
ffffffffff600000-ffffffffff601000 --xp 00000000 00:00 0                  [vsyscall]


VM Arguments:
jvm_args: -XX:ThreadPriorityPolicy=1 -XX:+UnlockExperimentalVMOptions -XX:+EnableJVMCIProduct -XX:JVMCIThreadsPerNativeLibraryRuntime=1 -XX:-UnlockExperimentalVMOptions -Declipse.application=org.eclipse.jdt.ls.core.id1 -Dosgi.bundles.defaultStartLevel=4 -Declipse.product=org.eclipse.jdt.ls.core.product -Dlog.level=ALL -Xverify:none -XX:+UseParallelGC -XX:GCTimeRatio=4 -XX:AdaptiveSizePolicyWeight=90 -Dsun.zip.disableMemoryMapping=true -Xmx512m -Xms100m 
java_command: /nix/store/m6gcpi1ii6rghy04cjwjddcavv7i90df-jdt-language-server-1.9.0/share/java/plugins/org.eclipse.equinox.launcher_1.6.400.v20210924-0641.jar --add-modules=ALL-SYSTEM --add-opens java.base/java.util=ALL-UNNAMED --add-opens java.base/java.lang=ALL-UNNAMED -configuration /home/runner/.cache/jdt-language-server/config -data /home/runner/.cache/jdt-language-server/data/home/runner/cardGames
java_class_path (initial): /nix/store/m6gcpi1ii6rghy04cjwjddcavv7i90df-jdt-language-server-1.9.0/share/java/plugins/org.eclipse.equinox.launcher_1.6.400.v20210924-0641.jar
Launcher Type: SUN_STANDARD

[Global flags]
    uintx AdaptiveSizePolicyWeight                 = 90                                        {product} {command line}
     intx CICompilerCount                          = 2                                         {product} {ergonomic}
     bool EnableJVMCIProduct                       = true                                {JVMCI product} {jimage}
    uintx GCTimeRatio                              = 4                                         {product} {command line}
   size_t InitialHeapSize                          = 104857600                                 {product} {command line}
     uint JVMCIThreadsPerNativeLibraryRuntime      = 1                                   {JVMCI product} {jimage}
   size_t MaxHeapSize                              = 536870912                                 {product} {command line}
   size_t MaxNewSize                               = 178782208                                 {product} {ergonomic}
   size_t MinHeapDeltaBytes                        = 524288                                    {product} {ergonomic}
   size_t MinHeapSize                              = 104857600                                 {product} {command line}
   size_t NewSize                                  = 34603008                                  {product} {ergonomic}
    uintx NonNMethodCodeHeapSize                   = 5826188                                {pd product} {ergonomic}
    uintx NonProfiledCodeHeapSize                  = 122916026                              {pd product} {ergonomic}
   size_t OldSize                                  = 70254592                                  {product} {ergonomic}
    uintx ProfiledCodeHeapSize                     = 122916026                              {pd product} {ergonomic}
    uintx ReservedCodeCacheSize                    = 251658240                              {pd product} {ergonomic}
     bool SegmentedCodeCache                       = true                                      {product} {ergonomic}
   size_t SoftMaxHeapSize                          = 536870912                              {manageable} {ergonomic}
     intx ThreadPriorityPolicy                     = 1                                         {product} {jimage}
     bool UseCompressedClassPointers               = true                           {product lp64_product} {ergonomic}
     bool UseCompressedOops                        = true                           {product lp64_product} {ergonomic}
     bool UseParallelGC                            = true                                      {product} {command line}

Logging:
Log output configuration:
 #0: stdout all=warning uptime,level,tags
 #1: stderr all=off uptime,level,tags

Environment Variables:
JAVA_HOME=/nix/store/gpxl5qgg8kicmcvivwmybwjlpf7wh20l-graalvm17-ce-22.3.0
PATH=/nix/store/1d6ian3r8kdzspw8hacjhl3xkp40g1lj-binutils-wrapper-2.39/bin:/nix/store/dq0xwmsk1g0i2ayg6pb7y87na2knzylh-gcc-wrapper-11.3.0/bin:/nix/store/bap4d0lpcrhpwmpb8ayjcgkmvfj62lnq-bash-interactive-5.1-p16/bin:/nix/store/pr5n59mb4jzmfx6kanwxly0l07p861fg-patchelf-0.15.0/bin:/nix/store/1gf2flfqnpqbr1b4p4qz2f72y42bs56r-gcc-11.3.0/bin:/nix/store/57xv61c5zi8pphjbcwxxjlgc34p61ic9-glibc-2.35-163-bin/bin:/nix/store/a7gvj343m05j2s32xcnwr35v31ynlypr-coreutils-9.1/bin:/nix/store/039g378vc3pc3dvi9dzdlrd0i4q93qwf-binutils-2.39/bin:/nix/store/gpxl5qgg8kicmcvivwmybwjlpf7wh20l-graalvm17-ce-22.3.0/bin:/nix/store/6z9ag3ihc8mq2hzsw48lhbznvzny65nz-apache-maven-3.8.6/bin:/nix/store/m6gcpi1ii6rghy04cjwjddcavv7i90df-jdt-language-server-1.9.0/bin:/nix/store/84xs5alhs01zrbr4ywm05kxbjbp5590l-java-debug/bin:/nix/store/mydc6f4k2z73xlcz7ilif3v2lcaiqvza-findutils-4.9.0/bin:/nix/store/j9p3g8472iijd50vhdprx0nmk2fqn5gv-diffutils-3.8/bin:/nix/store/89zs7rms6x00xfq4dq6m7mjnhkr8a6r4-gnused-4.8/bin:/nix/store/86bp03jkmsl6f92w0yzg4s59g5mhxwmy-gnugrep-3.7/bin:/nix/store/hwcdqw4jrjnd37wxqgsd47hd0j8bnj09-gawk-5.1.1/bin:/nix/store/cfbhw8r8ags41vwqaz47r583d0p4h4a1-gnutar-1.34/bin:/nix/store/p3m1ndl1lapwrlh698bnb5lvvxh67378-gzip-1.12/bin:/nix/store/a8mhcagrsly7c7mpjrpsnaahk4aax056-bzip2-1.0.8-bin/bin:/nix/store/mblgz65m3zv9x548a3d5m96fj2pbwr09-gnumake-4.3/bin:/nix/store/dsd5gz46hdbdk2rfdimqddhq6m8m8fqs-bash-5.1-p16/bin:/nix/store/v7ljksji50mg3w61dykaa3n3y79n6nil-patch-2.7.6/bin:/nix/store/zlcnmqq14jz5x9439jf937mvayyl63da-xz-5.2.7-bin/bin:/nix/store/y6aj732zm9m87c82fpvf103a1xb22blp-file-5.43/bin:/nix/store/sgqd0ajghcv2axfl1lad0b1alyavp0dc-prybar-elisp-0.0.0-67f7a00/bin:/nix/store/p3hsvljpgs68jqwar41lc0jqhjj734lf-prybar-lua-0.0.0-67f7a00/bin:/nix/store/qzxs2gybds3s9kb1vkaflpgm2nwr85fh-prybar-python3-0.0.0-67f7a00/bin:/nix/store/km94z9mxp8w4m8gxxp5mbfpdf3nkfvd8-prybar-sqlite-0.0.0-67f7a00/bin:/nix/store/2pnc7b76asw0z59c4l6h6qy8arwqrii1-prybar-tcl-0.0.0-67f7a00/bin:/nix/store/hpbvrlwd5viqmvcaisb3x0118i913a9n-st
LD_LIBRARY_PATH=/nix/store/a4pff549sk2idnkpzk5nsfps3mdkdnvm-cups-2.4.2-lib/lib:/nix/store/72mqxxhh3cy5yifh92wh2yb8cl2hikyy-cairo-1.16.0/lib:/nix/store/2k366jrbsra97gjfxwvrhvixjfxdach5-glib-2.74.1/lib:/nix/store/2j2znigd8ak37rlwh9khz0ry3clqlw1l-gtk+3-3.24.34/lib:/nix/store/hisqvx32cd57apbpcsnkpx6k3549wql1-libglvnd-1.4.0/lib:/nix/store/p36pgcv991mq5srvg765b78yqpxvk3qs-mesa-21.3.3-drivers/lib:/nix/store/mav4251if1ahjq5vkpwycyyvnmy459c4-pulseaudio-14.2/lib
DISPLAY=:0
LANG=en_US.UTF-8

Signal Handlers:
   SIGSEGV: crash_handler in libjvm.so, mask=11100100010111111101111111111110, flags=SA_RESTART|SA_SIGINFO
    SIGBUS: crash_handler in libjvm.so, mask=11100100010111111101111111111110, flags=SA_RESTART|SA_SIGINFO
    SIGFPE: crash_handler in libjvm.so, mask=11100100010111111101111111111110, flags=SA_RESTART|SA_SIGINFO
   SIGPIPE: IsolateEnterStub_IgnoreSIGPIPEStartupHook_noopSignalHandler_8f19bff2f35b5f630d83b364d6b2339320d4ec70_216e8361c6bc87a8f89f58cc10d3b2fd4415bf87 in libjvmcicompiler.so, mask=00000000000000000000000000000000, flags=SA_RESTART
  *** Handler was modified!
  *** Expected: javaSignalHandler in libjvm.so, mask=11100100110111111111111111111110, flags=SA_RESTART|SA_SIGINFO
   SIGXFSZ: javaSignalHandler in libjvm.so, mask=11100100010111111101111111111110, flags=SA_RESTART|SA_SIGINFO
    SIGILL: crash_handler in libjvm.so, mask=11100100010111111101111111111110, flags=SA_RESTART|SA_SIGINFO
   SIGUSR2: SR_handler in libjvm.so, mask=00000000000000000000000000000000, flags=SA_RESTART|SA_SIGINFO
    SIGHUP: UserHandler in libjvm.so, mask=11100100010111111101111111111110, flags=SA_RESTART|SA_SIGINFO
    SIGINT: UserHandler in libjvm.so, mask=11100100010111111101111111111110, flags=SA_RESTART|SA_SIGINFO
   SIGTERM: UserHandler in libjvm.so, mask=11100100010111111101111111111110, flags=SA_RESTART|SA_SIGINFO
   SIGQUIT: UserHandler in libjvm.so, mask=11100100010111111101111111111110, flags=SA_RESTART|SA_SIGINFO
  *** Handler was modified!
  *** Expected: javaSignalHandler in libjvm.so, mask=11100100110111111111111111111110, flags=SA_RESTART|SA_SIGINFO
   SIGTRAP: crash_handler in libjvm.so, mask=11100100010111111101111111111110, flags=SA_RESTART|SA_SIGINFO


---------------  S Y S T E M  ---------------

OS:
DISTRIB_ID=Ubuntu
DISTRIB_RELEASE=20.04
DISTRIB_CODENAME=focal
DISTRIB_DESCRIPTION="Ubuntu 20.04.2 LTS"
uname: Linux 5.15.0-1027-gcp #34~20.04.1-Ubuntu SMP Mon Jan 9 18:40:09 UTC 2023 x86_64
OS uptime: 0 days 0:46 hours
libc: glibc 2.35 NPTL 2.35 
rlimit (soft/hard): STACK 8192k/infinity , CORE infinity/infinity , NPROC infinity/infinity , NOFILE 5242/5242 , AS infinity/infinity , CPU infinity/infinity , DATA infinity/infinity , FSIZE infinity/infinity , MEMLOCK 64k/64k
load average: 14.52 14.17 11.52

/proc/meminfo:
MemTotal:       65852736 kB
MemFree:        33010872 kB
MemAvailable:   47786968 kB
Buffers:          878264 kB
Cached:         13175772 kB
SwapCached:            0 kB
Active:          5087496 kB
Inactive:       24743440 kB
Active(anon):      23556 kB
Inactive(anon): 15304048 kB
Active(file):    5063940 kB
Inactive(file):  9439392 kB
Unevictable:       43472 kB
Mlocked:           43472 kB
SwapTotal:             0 kB
SwapFree:              0 kB
Dirty:             19700 kB
Writeback:             0 kB
AnonPages:      15400256 kB
Mapped:          1963068 kB
Shmem:             47536 kB
KReclaimable:     999364 kB
Slab:            2018472 kB
SReclaimable:     999364 kB
SUnreclaim:      1019108 kB
KernelStack:      400768 kB
PageTables:       192824 kB
NFS_Unstable:          0 kB
Bounce:                0 kB
WritebackTmp:          0 kB
CommitLimit:    32926368 kB
Committed_AS:   63451532 kB
VmallocTotal:   34359738367 kB
VmallocUsed:      432144 kB
VmallocChunk:          0 kB
Percpu:            42208 kB
HardwareCorrupted:     0 kB
AnonHugePages:    309248 kB
ShmemHugePages:        0 kB
ShmemPmdMapped:        0 kB
FileHugePages:         0 kB
FilePmdMapped:         0 kB
HugePages_Total:       0
HugePages_Free:        0
HugePages_Rsvd:        0
HugePages_Surp:        0
Hugepagesize:       2048 kB
Hugetlb:               0 kB
DirectMap4k:     1835840 kB
DirectMap2M:    34861056 kB
DirectMap1G:    32505856 kB

/sys/kernel/mm/transparent_hugepage/enabled: always [madvise] never
/sys/kernel/mm/transparent_hugepage/defrag (defrag/compaction efforts parameter): always defer defer+madvise [madvise] never

Process Memory:
Virtual Size: 4847208K (peak: 4941608K)
Resident Set Size: 737632K (peak: 774668K) (anon: 543148K, file: 194484K, shmem: 0K)
Swapped out: 0K
C-Heap outstanding allocations: 37354K, retained: 15385K
glibc malloc tunables: (default)

/proc/sys/kernel/threads-max (system-wide limit on the number of threads): 514406
/proc/sys/vm/max_map_count (maximum number of memory map areas a process may have): 65530
/proc/sys/kernel/pid_max (system-wide limit on number of process identifiers): 4194304

container (cgroup) information:
container_type: cgroupv1
cpu_cpuset_cpus: 2-7
cpu_memory_nodes: 0
active_processor_count: 1
cpu_quota: 50000
cpu_period: 100000
cpu_shares: 512
memory_limit_in_bytes: 1048576 k
memory_and_swap_limit_in_bytes: 1048576 k
memory_soft_limit_in_bytes: 524288 k
memory_usage_in_bytes: 607980 k
memory_max_usage_in_bytes: 1048576 k
maximum number of tasks: 1000
current number of tasks: 68

KVM virtualization detected
Steal ticks since vm start: 0
Steal ticks percentage since vm start:  0.000

CPU: total 8 (initial active 1) (8 cores per cpu, 2 threads per core) family 23 model 49 stepping 0 microcode 0xffffffff, cx8, cmov, fxsr, ht, mmx, 3dnowpref, sse, sse2, sse3, ssse3, sse4a, sse4.1, sse4.2, popcnt, lzcnt, tsc, tscinvbit, avx, avx2, aes, clmul, bmi1, bmi2, adx, sha, fma, vzeroupper, clflush, clflushopt, hv
CPU Model and flags from /proc/cpuinfo:
model name	: AMD EPYC 7B12
flags		: fpu vme de pse tsc msr pae mce cx8 apic sep mtrr pge mca cmov pat pse36 clflush mmx fxsr sse sse2 ht syscall nx mmxext fxsr_opt pdpe1gb rdtscp lm constant_tsc rep_good nopl nonstop_tsc cpuid extd_apicid tsc_known_freq pni pclmulqdq ssse3 fma cx16 sse4_1 sse4_2 movbe popcnt aes xsave avx f16c rdrand hypervisor lahf_lm cmp_legacy cr8_legacy abm sse4a misalignsse 3dnowprefetch osvw topoext ssbd ibrs ibpb stibp vmmcall fsgsbase tsc_adjust bmi1 avx2 smep bmi2 rdseed adx smap clflushopt clwb sha_ni xsaveopt xsavec xgetbv1 clzero xsaveerptr arat npt nrip_save umip rdpid

Online cpus: 0-7
Offline cpus: 
BIOS frequency limitation: <Not Available>
Frequency switch latency (ns): <Not Available>
Available cpu frequencies: <Not Available>
Current governor: <Not Available>
Core performance/turbo boost: <Not Available>

Memory: 4k page, physical 1048576k(440584k free), swap 0k(0k free)
Page Sizes: 4k

vm_info: OpenJDK 64-Bit Server VM (17.0.5+8-jvmci-22.3-b08) for linux-amd64 JRE (17.0.5+8-jvmci-22.3-b08), built on Oct 19 2022 09:01:27 by "buildslave" with gcc 10.3.0

END.
